<?xml version="1.0" encoding="UTF-8"?>
<!-- Generated by org.testng.reporters.JUnitXMLReporter -->
<testsuite ignored="21" hostname="Surabhi-PC" failures="9" tests="15" name="Tests" time="0.64" errors="0" timestamp="2023-03-26T14:13:15 CST">
  <testcase classname="com.obsquara.scripts.HomepageTest" name="checkHomePageloaded" time="0.062">
    <failure type="java.lang.NullPointerException">
      <![CDATA[java.lang.NullPointerException
at org.openqa.selenium.support.pagefactory.DefaultElementLocator.findElement(DefaultElementLocator.java:70)
at org.openqa.selenium.support.pagefactory.internal.LocatingElementHandler.invoke(LocatingElementHandler.java:39)
at com.sun.proxy.$Proxy16.sendKeys(Unknown Source)
at com.obsqura.pages.LoginPage.loginWithInvalidLoginCredentials(LoginPage.java:64)
at com.obsquara.scripts.HomepageTest.checkHomePageloaded(HomepageTest.java:22)
at java.base/java.util.ArrayList.forEach(ArrayList.java:1541)
... Removed 27 stack frames]]>
    </failure>
  </testcase> <!-- checkHomePageloaded -->
  <testcase classname="com.obsquara.scripts.HomepageTest" name="verifyCalcutatorShowingWhileClickingOnCalculatorIcon" time="0.009">
    <skipped/>
  </testcase> <!-- verifyCalcutatorShowingWhileClickingOnCalculatorIcon -->
  <testcase classname="com.obsquara.scripts.HomepageTest" name="verifyCalcutatorShowingWhileClickingOnCalculatorIcon" time="0.003">
    <skipped/>
  </testcase> <!-- verifyCalcutatorShowingWhileClickingOnCalculatorIcon -->
  <testcase classname="com.obsquara.scripts.HomepageTest" name="verifyCalcutatorShowingWhileClickingOnCalculatorIcon" time="0.004">
    <skipped/>
  </testcase> <!-- verifyCalcutatorShowingWhileClickingOnCalculatorIcon -->
  <testcase classname="com.obsquara.scripts.HomepageTest" name="verifyCalcutatorShowingWhileClickingOnCalculatorIcon" time="0.006">
    <failure type="java.lang.NullPointerException">
      <![CDATA[java.lang.NullPointerException
at org.openqa.selenium.support.pagefactory.DefaultElementLocator.findElement(DefaultElementLocator.java:70)
at org.openqa.selenium.support.pagefactory.internal.LocatingElementHandler.invoke(LocatingElementHandler.java:39)
at com.sun.proxy.$Proxy16.sendKeys(Unknown Source)
at com.obsqura.pages.LoginPage.loginWithInvalidLoginCredentials(LoginPage.java:64)
at com.obsquara.scripts.HomepageTest.verifyCalcutatorShowingWhileClickingOnCalculatorIcon(HomepageTest.java:48)
at java.base/java.util.ArrayList.forEach(ArrayList.java:1541)
... Removed 27 stack frames]]>
    </failure>
  </testcase> <!-- verifyCalcutatorShowingWhileClickingOnCalculatorIcon -->
  <testcase classname="com.obsquara.scripts.HomepageTest" name="verifyNotificationmessageShowingUponClickingBellButton" time="0.003">
    <failure type="java.lang.NullPointerException">
      <![CDATA[java.lang.NullPointerException
at org.openqa.selenium.support.pagefactory.DefaultElementLocator.findElement(DefaultElementLocator.java:70)
at org.openqa.selenium.support.pagefactory.internal.LocatingElementHandler.invoke(LocatingElementHandler.java:39)
at com.sun.proxy.$Proxy16.sendKeys(Unknown Source)
at com.obsqura.pages.LoginPage.loginWithInvalidLoginCredentials(LoginPage.java:64)
at com.obsquara.scripts.HomepageTest.verifyNotificationmessageShowingUponClickingBellButton(HomepageTest.java:72)
at java.base/java.util.ArrayList.forEach(ArrayList.java:1541)
... Removed 27 stack frames]]>
    </failure>
  </testcase> <!-- verifyNotificationmessageShowingUponClickingBellButton -->
  <testcase classname="com.obsquara.scripts.HomepageTest" name="verifyTodaysProfitMessageDisplayingWhileClickingOnTodaysProfitIcon" time="0.002">
    <skipped/>
  </testcase> <!-- verifyTodaysProfitMessageDisplayingWhileClickingOnTodaysProfitIcon -->
  <testcase classname="com.obsquara.scripts.HomepageTest" name="verifyTodaysProfitMessageDisplayingWhileClickingOnTodaysProfitIcon" time="0.003">
    <skipped/>
  </testcase> <!-- verifyTodaysProfitMessageDisplayingWhileClickingOnTodaysProfitIcon -->
  <testcase classname="com.obsquara.scripts.HomepageTest" name="verifyTodaysProfitMessageDisplayingWhileClickingOnTodaysProfitIcon" time="0.002">
    <skipped/>
  </testcase> <!-- verifyTodaysProfitMessageDisplayingWhileClickingOnTodaysProfitIcon -->
  <testcase classname="com.obsquara.scripts.HomepageTest" name="verifyTodaysProfitMessageDisplayingWhileClickingOnTodaysProfitIcon" time="0.003">
    <failure type="java.lang.NullPointerException">
      <![CDATA[java.lang.NullPointerException
at org.openqa.selenium.support.pagefactory.DefaultElementLocator.findElement(DefaultElementLocator.java:70)
at org.openqa.selenium.support.pagefactory.internal.LocatingElementHandler.invoke(LocatingElementHandler.java:39)
at com.sun.proxy.$Proxy16.sendKeys(Unknown Source)
at com.obsqura.pages.LoginPage.loginWithInvalidLoginCredentials(LoginPage.java:64)
at com.obsquara.scripts.HomepageTest.verifyTodaysProfitMessageDisplayingWhileClickingOnTodaysProfitIcon(HomepageTest.java:59)
at java.base/java.util.ArrayList.forEach(ArrayList.java:1541)
... Removed 27 stack frames]]>
    </failure>
  </testcase> <!-- verifyTodaysProfitMessageDisplayingWhileClickingOnTodaysProfitIcon -->
  <testcase classname="com.obsquara.scripts.HomepageTest" name="verifyWelcomeMessageShowingAsExpected" time="0.004">
    <failure type="java.lang.NullPointerException">
      <![CDATA[java.lang.NullPointerException
at org.openqa.selenium.support.pagefactory.DefaultElementLocator.findElement(DefaultElementLocator.java:70)
at org.openqa.selenium.support.pagefactory.internal.LocatingElementHandler.invoke(LocatingElementHandler.java:39)
at com.sun.proxy.$Proxy16.sendKeys(Unknown Source)
at com.obsqura.pages.LoginPage.loginWithInvalidLoginCredentials(LoginPage.java:64)
at com.obsquara.scripts.HomepageTest.verifyWelcomeMessageShowingAsExpected(HomepageTest.java:34)
at java.base/java.util.ArrayList.forEach(ArrayList.java:1541)
... Removed 27 stack frames]]>
    </failure>
  </testcase> <!-- verifyWelcomeMessageShowingAsExpected -->
  <testcase classname="com.obsquara.scripts.TaxRatePageTest" name="verifyWhetherTheUserCanAddNewTaxRate" time="0.003">
    <failure type="java.lang.NullPointerException">
      <![CDATA[java.lang.NullPointerException
at org.openqa.selenium.support.pagefactory.DefaultElementLocator.findElement(DefaultElementLocator.java:70)
at org.openqa.selenium.support.pagefactory.internal.LocatingElementHandler.invoke(LocatingElementHandler.java:39)
at com.sun.proxy.$Proxy16.sendKeys(Unknown Source)
at com.obsqura.pages.LoginPage.loginWithvalidLoginCredentials(LoginPage.java:44)
at com.obsquara.scripts.TaxRatePageTest.verifyWhetherTheUserCanAddNewTaxRate(TaxRatePageTest.java:15)
at java.base/java.util.ArrayList.forEach(ArrayList.java:1541)
... Removed 27 stack frames]]>
    </failure>
  </testcase> <!-- verifyWhetherTheUserCanAddNewTaxRate -->
  <testcase classname="com.obsquara.scripts.InvoiceSettingsPageTest" name="verifyUserCanAddNewInvoiceSettings" time="0.002">
    <failure type="java.lang.NullPointerException">
      <![CDATA[java.lang.NullPointerException
at org.openqa.selenium.support.pagefactory.DefaultElementLocator.findElement(DefaultElementLocator.java:70)
at org.openqa.selenium.support.pagefactory.internal.LocatingElementHandler.invoke(LocatingElementHandler.java:39)
at com.sun.proxy.$Proxy16.sendKeys(Unknown Source)
at com.obsqura.pages.LoginPage.loginWithvalidLoginCredentials(LoginPage.java:44)
at com.obsquara.scripts.InvoiceSettingsPageTest.verifyUserCanAddNewInvoiceSettings(InvoiceSettingsPageTest.java:16)
at java.base/java.util.ArrayList.forEach(ArrayList.java:1541)
... Removed 27 stack frames]]>
    </failure>
  </testcase> <!-- verifyUserCanAddNewInvoiceSettings -->
  <testcase classname="com.obsquara.scripts.ProfilepageTest" name="IsProfilePageLoadedSuccesfully" time="0.002">
    <failure type="java.lang.NullPointerException">
      <![CDATA[java.lang.NullPointerException
at org.openqa.selenium.support.pagefactory.DefaultElementLocator.findElement(DefaultElementLocator.java:70)
at org.openqa.selenium.support.pagefactory.internal.LocatingElementHandler.invoke(LocatingElementHandler.java:39)
at com.sun.proxy.$Proxy16.sendKeys(Unknown Source)
at com.obsqura.pages.LoginPage.loginWithvalidLoginCredentials(LoginPage.java:44)
at com.obsquara.scripts.ProfilepageTest.IsProfilePageLoadedSuccesfully(ProfilepageTest.java:20)
at java.base/java.util.ArrayList.forEach(ArrayList.java:1541)
... Removed 27 stack frames]]>
    </failure>
  </testcase> <!-- IsProfilePageLoadedSuccesfully -->
  <testcase classname="com.obsquara.scripts.ProfilepageTest" name="verifyUserCanEditProfile" time="0.005">
    <failure type="java.lang.NullPointerException">
      <![CDATA[java.lang.NullPointerException
at org.openqa.selenium.support.pagefactory.DefaultElementLocator.findElement(DefaultElementLocator.java:70)
at org.openqa.selenium.support.pagefactory.internal.LocatingElementHandler.invoke(LocatingElementHandler.java:39)
at com.sun.proxy.$Proxy16.sendKeys(Unknown Source)
at com.obsqura.pages.LoginPage.loginWithvalidLoginCredentials(LoginPage.java:44)
at com.obsquara.scripts.ProfilepageTest.verifyUserCanEditProfile(ProfilepageTest.java:33)
at java.base/java.util.ArrayList.forEach(ArrayList.java:1541)
... Removed 27 stack frames]]>
    </failure>
  </testcase> <!-- verifyUserCanEditProfile -->
  <testcase classname="com.obsquara.scripts.RolesPageTest" name="verifyTheUserCanDeleteRole" time="0.0">
    <ignored/>
  </testcase> <!-- verifyTheUserCanDeleteRole -->
  <testcase classname="com.obsquara.scripts.LoginPageTest" name="checkSignOut" time="0.0">
    <ignored/>
  </testcase> <!-- checkSignOut -->
  <testcase classname="com.obsquara.scripts.Expensepagetest" name="verifyUserCanAddExpenseCategory" time="0.0">
    <ignored/>
  </testcase> <!-- verifyUserCanAddExpenseCategory -->
  <testcase classname="com.obsquara.scripts.ProductPageTest" name="verifyWhethertheUserCaNAddNewProduct" time="0.0">
    <ignored/>
  </testcase> <!-- verifyWhethertheUserCaNAddNewProduct -->
  <testcase classname="com.obsquara.scripts.Userpagetest" name="verifyWhetehraUserCanviewalreadyRegisterdUserDetails" time="0.0">
    <ignored/>
  </testcase> <!-- verifyWhetehraUserCanviewalreadyRegisterdUserDetails -->
  <testcase classname="com.obsquara.scripts.CustomerpageTest" name="verifyUserCanAddNewContact" time="0.0">
    <ignored/>
  </testcase> <!-- verifyUserCanAddNewContact -->
  <testcase classname="com.obsquara.scripts.BarCodePageTest" name="verifyUserCanAddNewBarCodeToProducts" time="0.0">
    <ignored/>
  </testcase> <!-- verifyUserCanAddNewBarCodeToProducts -->
  <testcase classname="com.obsquara.scripts.LoginPageTest" name="verifyUserIsNotAbleToLoginWitInvalidloginfunction" time="0.0">
    <ignored/>
  </testcase> <!-- verifyUserIsNotAbleToLoginWitInvalidloginfunction -->
  <testcase classname="com.obsquara.scripts.Userpagetest" name="verifyWhetherNewUserCanSuccessfullyAdded" time="0.0">
    <ignored/>
  </testcase> <!-- verifyWhetherNewUserCanSuccessfullyAdded -->
  <testcase classname="com.obsquara.scripts.RolesPageTest" name="verifyTheUserCanAddNewRole" time="0.0">
    <ignored/>
  </testcase> <!-- verifyTheUserCanAddNewRole -->
  <testcase classname="com.obsquara.scripts.Unitspagetest" name="verifyUsesrCanAddNewUnit" time="0.0">
    <ignored/>
  </testcase> <!-- verifyUsesrCanAddNewUnit -->
  <testcase classname="com.obsquara.scripts.Expensepagetest" name="verifyUserCanAddNewExpense" time="0.0">
    <ignored/>
  </testcase> <!-- verifyUserCanAddNewExpense -->
  <testcase classname="com.obsquara.scripts.CategoryPageTest" name="verifyUserCanAddNewCategories" time="0.0">
    <ignored/>
  </testcase> <!-- verifyUserCanAddNewCategories -->
  <testcase classname="com.obsquara.scripts.LoginPageTest" name="verifyUserisAbleToLoginWitvalidloginfunction" time="0.0">
    <ignored/>
  </testcase> <!-- verifyUserisAbleToLoginWitvalidloginfunction -->
  <testcase classname="com.obsquara.scripts.CustomerpageTest" name="verifyUserCanUpdateNewlyAddedCustomerData" time="0.0">
    <ignored/>
  </testcase> <!-- verifyUserCanUpdateNewlyAddedCustomerData -->
  <testcase classname="com.obsquara.scripts.BarCodePageTest" name="verifyUserCanDeleteBarCodeS" time="0.0">
    <ignored/>
  </testcase> <!-- verifyUserCanDeleteBarCodeS -->
  <testcase classname="com.obsquara.scripts.Userpagetest" name="verifyWhetehraUserCanSuccessfullyDelete" time="0.0">
    <ignored/>
  </testcase> <!-- verifyWhetehraUserCanSuccessfullyDelete -->
  <testcase classname="com.obsquara.scripts.LoginPageTest" name="verifyUserIsNotAbleToLoginWitInvalidPassword" time="0.0">
    <ignored/>
  </testcase> <!-- verifyUserIsNotAbleToLoginWitInvalidPassword -->
  <testcase classname="com.obsquara.scripts.LoginPageTest" name="verifyUserIsNotAbleToLoginWitInvalidUsername" time="0.0">
    <ignored/>
  </testcase> <!-- verifyUserIsNotAbleToLoginWitInvalidUsername -->
  <testcase classname="com.obsquara.scripts.BrandpageTest" name="verifyUserCanAddNewBrand" time="0.0">
    <ignored/>
  </testcase> <!-- verifyUserCanAddNewBrand -->
  <testcase classname="com.obsquara.scripts.BusinessSettingsPageTest" name="verifyUserCanUpdateBusinessSettings" time="0.0">
    <ignored/>
  </testcase> <!-- verifyUserCanUpdateBusinessSettings -->
</testsuite> <!-- Tests -->
