<?xml version="1.0" encoding="UTF-8"?>
<!-- Generated by org.testng.reporters.JUnitXMLReporter -->
<testsuite ignored="0" hostname="Surabhi-PC" failures="0" tests="24" name="Command line test" time="2.841" errors="0" timestamp="2023-03-20T00:22:14 CST">
  <testcase classname="com.obsquara.scripts.TestHelper" name="@BeforeMethod launchbrowser" time="-1.679242931469E9">
    <failure type="org.testng.TestNGException" message="
Parameter &amp;apos;browser&amp;apos; is required by BeforeMethod on method launchbrowser but has not been marked @Optional or defined
">
      <![CDATA[org.testng.TestNGException: 
Parameter 'browser' is required by BeforeMethod on method launchbrowser but has not been marked @Optional or defined

at java.base/java.util.ArrayList.forEach(ArrayList.java:1541)
... Removed 38 stack frames]]>
    </failure>
  </testcase> <!-- @BeforeMethod launchbrowser -->
  <testcase classname="com.obsquara.scripts.TestHelper" name="@BeforeMethod launchbrowser" time="-1.679242931513E9">
    <failure type="org.testng.TestNGException" message="
Parameter &amp;apos;browser&amp;apos; is required by BeforeMethod on method launchbrowser but has not been marked @Optional or defined
">
      <![CDATA[org.testng.TestNGException: 
Parameter 'browser' is required by BeforeMethod on method launchbrowser but has not been marked @Optional or defined

at java.base/java.util.ArrayList.forEach(ArrayList.java:1541)
... Removed 38 stack frames]]>
    </failure>
  </testcase> <!-- @BeforeMethod launchbrowser -->
  <testcase classname="com.obsquara.scripts.TestHelper" name="@BeforeMethod launchbrowser" time="-1.679242931517E9">
    <failure type="org.testng.TestNGException" message="
Parameter &amp;apos;browser&amp;apos; is required by BeforeMethod on method launchbrowser but has not been marked @Optional or defined
">
      <![CDATA[org.testng.TestNGException: 
Parameter 'browser' is required by BeforeMethod on method launchbrowser but has not been marked @Optional or defined

at java.base/java.util.ArrayList.forEach(ArrayList.java:1541)
... Removed 38 stack frames]]>
    </failure>
  </testcase> <!-- @BeforeMethod launchbrowser -->
  <testcase classname="com.obsquara.scripts.TestHelper" name="@BeforeMethod launchbrowser" time="-1.679242931523E9">
    <failure type="org.testng.TestNGException" message="
Parameter &amp;apos;browser&amp;apos; is required by BeforeMethod on method launchbrowser but has not been marked @Optional or defined
">
      <![CDATA[org.testng.TestNGException: 
Parameter 'browser' is required by BeforeMethod on method launchbrowser but has not been marked @Optional or defined

at java.base/java.util.ArrayList.forEach(ArrayList.java:1541)
... Removed 38 stack frames]]>
    </failure>
  </testcase> <!-- @BeforeMethod launchbrowser -->
  <testcase classname="com.obsquara.scripts.TestHelper" name="@BeforeMethod launchbrowser" time="-1.679242931527E9">
    <skipped/>
  </testcase> <!-- @BeforeMethod launchbrowser -->
  <testcase classname="com.obsquara.scripts.TestHelper" name="@BeforeMethod launchbrowser" time="-1.679242931529E9">
    <skipped/>
  </testcase> <!-- @BeforeMethod launchbrowser -->
  <testcase classname="com.obsquara.scripts.TestHelper" name="@BeforeMethod launchbrowser" time="-1.679242931531E9">
    <skipped/>
  </testcase> <!-- @BeforeMethod launchbrowser -->
  <testcase classname="com.obsquara.scripts.TestHelper" name="@BeforeMethod launchbrowser" time="-1.679242931532E9">
    <skipped/>
  </testcase> <!-- @BeforeMethod launchbrowser -->
  <testcase classname="com.obsquara.scripts.TestHelper" name="@BeforeMethod launchbrowser" time="-1.679242931534E9">
    <skipped/>
  </testcase> <!-- @BeforeMethod launchbrowser -->
  <testcase classname="com.obsquara.scripts.TestHelper" name="@BeforeMethod launchbrowser" time="-1.679242931536E9">
    <failure type="org.testng.TestNGException" message="
Parameter &amp;apos;browser&amp;apos; is required by BeforeMethod on method launchbrowser but has not been marked @Optional or defined
">
      <![CDATA[org.testng.TestNGException: 
Parameter 'browser' is required by BeforeMethod on method launchbrowser but has not been marked @Optional or defined

at java.base/java.util.ArrayList.forEach(ArrayList.java:1541)
... Removed 38 stack frames]]>
    </failure>
  </testcase> <!-- @BeforeMethod launchbrowser -->
  <testcase classname="com.obsquara.scripts.TestHelper" name="@BeforeMethod launchbrowser" time="-1.67924293154E9">
    <skipped/>
  </testcase> <!-- @BeforeMethod launchbrowser -->
  <testcase classname="com.obsquara.scripts.TestHelper" name="@BeforeMethod launchbrowser" time="-1.679242933194E9">
    <failure type="org.testng.TestNGException" message="
Parameter &amp;apos;browser&amp;apos; is required by BeforeMethod on method launchbrowser but has not been marked @Optional or defined
">
      <![CDATA[org.testng.TestNGException: 
Parameter 'browser' is required by BeforeMethod on method launchbrowser but has not been marked @Optional or defined

at java.base/java.util.ArrayList.forEach(ArrayList.java:1541)
... Removed 38 stack frames]]>
    </failure>
  </testcase> <!-- @BeforeMethod launchbrowser -->
  <testcase classname="com.obsquara.scripts.TestHelper" name="@BeforeMethod launchbrowser" time="-1.679242933563E9">
    <skipped/>
  </testcase> <!-- @BeforeMethod launchbrowser -->
  <testcase classname="com.obsquara.scripts.TestHelper" name="@BeforeMethod launchbrowser" time="-1.679242933761E9">
    <skipped/>
  </testcase> <!-- @BeforeMethod launchbrowser -->
  <testcase classname="com.obsquara.scripts.TestHelper" name="@BeforeMethod launchbrowser" time="-1.679242933763E9">
    <skipped/>
  </testcase> <!-- @BeforeMethod launchbrowser -->
  <testcase classname="com.obsquara.scripts.TestHelper" name="@BeforeMethod launchbrowser" time="-1.679242933764E9">
    <skipped/>
  </testcase> <!-- @BeforeMethod launchbrowser -->
  <testcase classname="com.obsquara.scripts.TestHelper" name="@BeforeMethod launchbrowser" time="-1.679242933765E9">
    <skipped/>
  </testcase> <!-- @BeforeMethod launchbrowser -->
  <testcase classname="com.obsquara.scripts.TestHelper" name="@BeforeMethod launchbrowser" time="-1.679242933766E9">
    <failure type="org.testng.TestNGException" message="
Parameter &amp;apos;browser&amp;apos; is required by BeforeMethod on method launchbrowser but has not been marked @Optional or defined
">
      <![CDATA[org.testng.TestNGException: 
Parameter 'browser' is required by BeforeMethod on method launchbrowser but has not been marked @Optional or defined

at java.base/java.util.ArrayList.forEach(ArrayList.java:1541)
... Removed 38 stack frames]]>
    </failure>
  </testcase> <!-- @BeforeMethod launchbrowser -->
  <testcase classname="com.obsquara.scripts.TestHelper" name="@BeforeMethod launchbrowser" time="-1.67924293377E9">
    <skipped/>
  </testcase> <!-- @BeforeMethod launchbrowser -->
  <testcase classname="com.obsquara.scripts.TestHelper" name="@BeforeMethod launchbrowser" time="-1.679242933771E9">
    <skipped/>
  </testcase> <!-- @BeforeMethod launchbrowser -->
  <testcase classname="com.obsquara.scripts.TestHelper" name="@BeforeMethod launchbrowser" time="-1.679242933772E9">
    <failure type="org.testng.TestNGException" message="
Parameter &amp;apos;browser&amp;apos; is required by BeforeMethod on method launchbrowser but has not been marked @Optional or defined
">
      <![CDATA[org.testng.TestNGException: 
Parameter 'browser' is required by BeforeMethod on method launchbrowser but has not been marked @Optional or defined

at java.base/java.util.ArrayList.forEach(ArrayList.java:1541)
... Removed 38 stack frames]]>
    </failure>
  </testcase> <!-- @BeforeMethod launchbrowser -->
  <testcase classname="com.obsquara.scripts.TestHelper" name="@BeforeMethod launchbrowser" time="-1.679242933775E9">
    <skipped/>
  </testcase> <!-- @BeforeMethod launchbrowser -->
  <testcase classname="com.obsquara.scripts.TestHelper" name="@BeforeMethod launchbrowser" time="-1.679242933777E9">
    <skipped/>
  </testcase> <!-- @BeforeMethod launchbrowser -->
  <testcase classname="com.obsquara.scripts.TestHelper" name="@BeforeMethod launchbrowser" time="-1.679242933778E9">
    <skipped/>
  </testcase> <!-- @BeforeMethod launchbrowser -->
  <testcase classname="com.obsquara.scripts.RolesPageTest" name="verifyTheUserCanSorttheRolesTable" time="0.0">
    <skipped/>
  </testcase> <!-- verifyTheUserCanSorttheRolesTable -->
  <testcase classname="com.obsquara.scripts.BrandpageTest" name="verifyUserCanAddNewBrand" time="0.0">
    <skipped/>
  </testcase> <!-- verifyUserCanAddNewBrand -->
  <testcase classname="com.obsquara.scripts.CustomerpageTest" name="verifyCustomerEntryIsAbleToCopyToClipboard" time="0.0">
    <skipped/>
  </testcase> <!-- verifyCustomerEntryIsAbleToCopyToClipboard -->
  <testcase classname="com.obsquara.scripts.HomepageTest" name="checkHomePageloaded" time="0.0">
    <skipped/>
  </testcase> <!-- checkHomePageloaded -->
  <testcase classname="com.obsquara.scripts.HomepageTest" name="verifyCalcutatorShowingWhileClickingOnCalculatorIcon" time="0.0">
    <skipped/>
  </testcase> <!-- verifyCalcutatorShowingWhileClickingOnCalculatorIcon -->
  <testcase classname="com.obsquara.scripts.HomepageTest" name="verifyNotificationmessageShowingUponClickingBellButton" time="0.0">
    <skipped/>
  </testcase> <!-- verifyNotificationmessageShowingUponClickingBellButton -->
  <testcase classname="com.obsquara.scripts.HomepageTest" name="verifyTodaysProfitMessageDisplayingWhileClickingOnTodaysProfitIcon" time="0.0">
    <skipped/>
  </testcase> <!-- verifyTodaysProfitMessageDisplayingWhileClickingOnTodaysProfitIcon -->
  <testcase classname="com.obsquara.scripts.HomepageTest" name="verifyUserManagementDropDownIsWorking" time="0.0">
    <skipped/>
  </testcase> <!-- verifyUserManagementDropDownIsWorking -->
  <testcase classname="com.obsquara.scripts.HomepageTest" name="verifyWelcomeMessageShowingAsExpected" time="0.0">
    <skipped/>
  </testcase> <!-- verifyWelcomeMessageShowingAsExpected -->
  <testcase classname="com.obsquara.scripts.TaxRatePageTest" name="verifyWhetherTheUserCanAddNewTaxRate" time="0.0">
    <skipped/>
  </testcase> <!-- verifyWhetherTheUserCanAddNewTaxRate -->
  <testcase classname="com.obsquara.scripts.HomepageTest" name="verifyhomepagetitle" time="0.0">
    <skipped/>
  </testcase> <!-- verifyhomepagetitle -->
  <testcase classname="com.obsquara.scripts.LoginPageTest" name="verifyUserIsNotAbleToLoginWitInvalidloginfunction" time="0.0">
    <skipped/>
  </testcase> <!-- verifyUserIsNotAbleToLoginWitInvalidloginfunction -->
  <testcase classname="com.obsquara.scripts.LoginPageTest" name="verifyUserIsNotAbleToLoginWitInvalidPassword" time="0.0">
    <skipped/>
  </testcase> <!-- verifyUserIsNotAbleToLoginWitInvalidPassword -->
  <testcase classname="com.obsquara.scripts.LoginPageTest" name="verifyUserIsNotAbleToLoginWitInvalidUsername" time="0.0">
    <skipped/>
  </testcase> <!-- verifyUserIsNotAbleToLoginWitInvalidUsername -->
  <testcase classname="com.obsquara.scripts.LoginPageTest" name="verifyUserisAbleToLoginWitvalidloginfunction" time="0.0">
    <skipped/>
  </testcase> <!-- verifyUserisAbleToLoginWitvalidloginfunction -->
  <testcase classname="com.obsquara.scripts.LoginPageTest" name="checkSignOut" time="0.0">
    <skipped/>
  </testcase> <!-- checkSignOut -->
  <testcase classname="com.obsquara.scripts.LoginPageTest" name="verifyUserIsAbleToChooseRememberMeOption" time="0.0">
    <skipped/>
  </testcase> <!-- verifyUserIsAbleToChooseRememberMeOption -->
  <testcase classname="com.obsquara.scripts.ProductPageTest" name="verifyClickingonDeactiveselectiveButtonShowsWarningMessageAlert" time="0.0">
    <skipped/>
  </testcase> <!-- verifyClickingonDeactiveselectiveButtonShowsWarningMessageAlert -->
  <testcase classname="com.obsquara.scripts.ProductPageTest" name="verifyDropDownlistisDisplayingUponClickingOndropdownarrow" time="0.0">
    <skipped/>
  </testcase> <!-- verifyDropDownlistisDisplayingUponClickingOndropdownarrow -->
  <testcase classname="com.obsquara.scripts.ProductPageTest" name="verifySelectAllProductselectsallInProductPage" time="0.0">
    <skipped/>
  </testcase> <!-- verifySelectAllProductselectsallInProductPage -->
  <testcase classname="com.obsquara.scripts.ProfilepageTest" name="IsProfilePageLoadedSuccesfully" time="0.0">
    <skipped/>
  </testcase> <!-- IsProfilePageLoadedSuccesfully -->
  <testcase classname="com.obsquara.scripts.ProfilepageTest" name="VerifyUserCanChooseLanguageFromrowpDownList" time="0.0">
    <skipped/>
  </testcase> <!-- VerifyUserCanChooseLanguageFromrowpDownList -->
  <testcase classname="com.obsquara.scripts.ProfilepageTest" name="verifyUserCanEditProfile" time="0.0">
    <skipped/>
  </testcase> <!-- verifyUserCanEditProfile -->
  <testcase classname="com.obsquara.scripts.ProfilepageTest" name="verifyUserCanUpdatePassword" time="0.0">
    <skipped/>
  </testcase> <!-- verifyUserCanUpdatePassword -->
</testsuite> <!-- Command line test -->
