<!DOCTYPE html PUBLIC "-//W3C//DTD XHTML 1.1//EN" "http://www.w3.org/TR/xhtml11/DTD/xhtml11.dtd">
<html xmlns="http://www.w3.org/1999/xhtml">
<head>
<meta http-equiv="content-type" content="text/html; charset=UTF-8"/>
<title>TestNG Report</title>
<style type="text/css">table {margin-bottom:10px;border-collapse:collapse;empty-cells:show}th,td {border:1px solid #009;padding:.25em .5em}th {vertical-align:bottom}td {vertical-align:top}table a {font-weight:bold}.stripe td {background-color: #E6EBF9}.num {text-align:right}.passedodd td {background-color: #3F3}.passedeven td {background-color: #0A0}.skippedodd td {background-color: #DDD}.skippedeven td {background-color: #CCC}.failedodd td,.attn {background-color: #F33}.failedeven td,.stripe .attn {background-color: #D00}.stacktrace {white-space:pre;font-family:monospace}.totop {font-size:85%;text-align:center;border-bottom:2px solid #000}.invisible {display:none}</style>
</head>
<body>
<table>
<tr><th>Test</th><th># Passed</th><th># Skipped</th><th># Retried</th><th># Failed</th><th>Time (ms)</th><th>Included Groups</th><th>Excluded Groups</th></tr>
<tr><th colspan="8">Command line suite</th></tr>
<tr><td><a href="#t0">Command line test</a></td><td class="num">0</td><td class="num attn">24</td><td class="num">0</td><td class="num">0</td><td class="num">2,841</td><td></td><td></td></tr>
</table>
<table id='summary'><thead><tr><th>Class</th><th>Method</th><th>Start</th><th>Time (ms)</th></tr></thead><tbody><tr><th colspan="4">Command line suite</th></tr></tbody><tbody id="t0"><tr><th colspan="4">Command line test &#8212; failed (configuration methods)</th></tr><tr class="failedeven"><td rowspan="1">com.obsquara.scripts.BrandpageTest</td><td><a href="#m0">launchbrowser</a></td><td rowspan="1">1679242931513</td><td rowspan="1">-1679242931513</td></tr><tr class="failedodd"><td rowspan="1">com.obsquara.scripts.CustomerpageTest</td><td><a href="#m1">launchbrowser</a></td><td rowspan="1">1679242931517</td><td rowspan="1">-1679242931517</td></tr><tr class="failedeven"><td rowspan="1">com.obsquara.scripts.HomepageTest</td><td><a href="#m2">launchbrowser</a></td><td rowspan="1">1679242931523</td><td rowspan="1">-1679242931523</td></tr><tr class="failedodd"><td rowspan="1">com.obsquara.scripts.LoginPageTest</td><td><a href="#m3">launchbrowser</a></td><td rowspan="1">1679242933194</td><td rowspan="1">-1679242933194</td></tr><tr class="failedeven"><td rowspan="1">com.obsquara.scripts.ProductPageTest</td><td><a href="#m4">launchbrowser</a></td><td rowspan="1">1679242933766</td><td rowspan="1">-1679242933766</td></tr><tr class="failedodd"><td rowspan="1">com.obsquara.scripts.ProfilepageTest</td><td><a href="#m5">launchbrowser</a></td><td rowspan="1">1679242933772</td><td rowspan="1">-1679242933772</td></tr><tr class="failedeven"><td rowspan="1">com.obsquara.scripts.RolesPageTest</td><td><a href="#m6">launchbrowser</a></td><td rowspan="1">1679242931469</td><td rowspan="1">-1679242931469</td></tr><tr class="failedodd"><td rowspan="1">com.obsquara.scripts.TaxRatePageTest</td><td><a href="#m7">launchbrowser</a></td><td rowspan="1">1679242931536</td><td rowspan="1">-1679242931536</td></tr><tr><th colspan="4">Command line test &#8212; skipped (configuration methods)</th></tr><tr class="skippedeven"><td rowspan="6">com.obsquara.scripts.HomepageTest</td><td><a href="#m8">launchbrowser</a></td><td rowspan="6">1679242931529</td><td rowspan="6">-1679242931529</td></tr><tr class="skippedeven"><td><a href="#m9">launchbrowser</a></td></tr><tr class="skippedeven"><td><a href="#m10">launchbrowser</a></td></tr><tr class="skippedeven"><td><a href="#m11">launchbrowser</a></td></tr><tr class="skippedeven"><td><a href="#m12">launchbrowser</a></td></tr><tr class="skippedeven"><td><a href="#m13">launchbrowser</a></td></tr><tr class="skippedodd"><td rowspan="5">com.obsquara.scripts.LoginPageTest</td><td><a href="#m14">launchbrowser</a></td><td rowspan="5">1679242933563</td><td rowspan="5">-1679242933563</td></tr><tr class="skippedodd"><td><a href="#m15">launchbrowser</a></td></tr><tr class="skippedodd"><td><a href="#m16">launchbrowser</a></td></tr><tr class="skippedodd"><td><a href="#m17">launchbrowser</a></td></tr><tr class="skippedodd"><td><a href="#m18">launchbrowser</a></td></tr><tr class="skippedeven"><td rowspan="2">com.obsquara.scripts.ProductPageTest</td><td><a href="#m19">launchbrowser</a></td><td rowspan="2">1679242933770</td><td rowspan="2">-1679242933770</td></tr><tr class="skippedeven"><td><a href="#m20">launchbrowser</a></td></tr><tr class="skippedodd"><td rowspan="3">com.obsquara.scripts.ProfilepageTest</td><td><a href="#m21">launchbrowser</a></td><td rowspan="3">1679242933777</td><td rowspan="3">-1679242933777</td></tr><tr class="skippedodd"><td><a href="#m22">launchbrowser</a></td></tr><tr class="skippedodd"><td><a href="#m23">launchbrowser</a></td></tr><tr><th colspan="4">Command line test &#8212; skipped</th></tr><tr class="skippedeven"><td rowspan="1">com.obsquara.scripts.BrandpageTest</td><td><a href="#m24">verifyUserCanAddNewBrand</a></td><td rowspan="1">1679242931515</td><td rowspan="1">0</td></tr><tr class="skippedodd"><td rowspan="1">com.obsquara.scripts.CustomerpageTest</td><td><a href="#m25">verifyCustomerEntryIsAbleToCopyToClipboard</a></td><td rowspan="1">1679242931521</td><td rowspan="1">0</td></tr><tr class="skippedeven"><td rowspan="7">com.obsquara.scripts.HomepageTest</td><td><a href="#m26">checkHomePageloaded</a></td><td rowspan="1">1679242931525</td><td rowspan="1">0</td></tr><tr class="skippedeven"><td><a href="#m27">verifyCalcutatorShowingWhileClickingOnCalculatorIcon</a></td><td rowspan="1">1679242931527</td><td rowspan="1">0</td></tr><tr class="skippedeven"><td><a href="#m28">verifyNotificationmessageShowingUponClickingBellButton</a></td><td rowspan="1">1679242931529</td><td rowspan="1">0</td></tr><tr class="skippedeven"><td><a href="#m29">verifyTodaysProfitMessageDisplayingWhileClickingOnTodaysProfitIcon</a></td><td rowspan="1">1679242931531</td><td rowspan="1">0</td></tr><tr class="skippedeven"><td><a href="#m30">verifyUserManagementDropDownIsWorking</a></td><td rowspan="1">1679242931533</td><td rowspan="1">0</td></tr><tr class="skippedeven"><td><a href="#m31">verifyWelcomeMessageShowingAsExpected</a></td><td rowspan="1">1679242931534</td><td rowspan="1">0</td></tr><tr class="skippedeven"><td><a href="#m32">verifyhomepagetitle</a></td><td rowspan="1">1679242931540</td><td rowspan="1">0</td></tr><tr class="skippedodd"><td rowspan="6">com.obsquara.scripts.LoginPageTest</td><td><a href="#m33">checkSignOut</a></td><td rowspan="1">1679242933764</td><td rowspan="1">0</td></tr><tr class="skippedodd"><td><a href="#m34">verifyUserIsAbleToChooseRememberMeOption</a></td><td rowspan="1">1679242933766</td><td rowspan="1">0</td></tr><tr class="skippedodd"><td><a href="#m35">verifyUserIsNotAbleToLoginWitInvalidPassword</a></td><td rowspan="1">1679242933564</td><td rowspan="1">0</td></tr><tr class="skippedodd"><td><a href="#m36">verifyUserIsNotAbleToLoginWitInvalidUsername</a></td><td rowspan="1">1679242933762</td><td rowspan="1">0</td></tr><tr class="skippedodd"><td><a href="#m37">verifyUserIsNotAbleToLoginWitInvalidloginfunction</a></td><td rowspan="1">1679242933196</td><td rowspan="1">0</td></tr><tr class="skippedodd"><td><a href="#m38">verifyUserisAbleToLoginWitvalidloginfunction</a></td><td rowspan="1">1679242933763</td><td rowspan="1">0</td></tr><tr class="skippedeven"><td rowspan="3">com.obsquara.scripts.ProductPageTest</td><td><a href="#m39">verifyClickingonDeactiveselectiveButtonShowsWarningMessageAlert</a></td><td rowspan="1">1679242933768</td><td rowspan="1">0</td></tr><tr class="skippedeven"><td><a href="#m40">verifyDropDownlistisDisplayingUponClickingOndropdownarrow</a></td><td rowspan="1">1679242933770</td><td rowspan="1">0</td></tr><tr class="skippedeven"><td><a href="#m41">verifySelectAllProductselectsallInProductPage</a></td><td rowspan="1">1679242933771</td><td rowspan="1">0</td></tr><tr class="skippedodd"><td rowspan="4">com.obsquara.scripts.ProfilepageTest</td><td><a href="#m42">IsProfilePageLoadedSuccesfully</a></td><td rowspan="1">1679242933774</td><td rowspan="1">0</td></tr><tr class="skippedodd"><td><a href="#m43">VerifyUserCanChooseLanguageFromrowpDownList</a></td><td rowspan="1">1679242933776</td><td rowspan="1">0</td></tr><tr class="skippedodd"><td><a href="#m44">verifyUserCanEditProfile</a></td><td rowspan="1">1679242933777</td><td rowspan="1">0</td></tr><tr class="skippedodd"><td><a href="#m45">verifyUserCanUpdatePassword</a></td><td rowspan="1">1679242933778</td><td rowspan="1">0</td></tr><tr class="skippedeven"><td rowspan="1">com.obsquara.scripts.RolesPageTest</td><td><a href="#m46">verifyTheUserCanSorttheRolesTable</a></td><td rowspan="1">1679242931481</td><td rowspan="1">0</td></tr><tr class="skippedodd"><td rowspan="1">com.obsquara.scripts.TaxRatePageTest</td><td><a href="#m47">verifyWhetherTheUserCanAddNewTaxRate</a></td><td rowspan="1">1679242931538</td><td rowspan="1">0</td></tr></tbody>
</table>
<h2>Command line test</h2><h3 id="m0">com.obsquara.scripts.BrandpageTest#launchbrowser</h3><table class="result"><tr><th>Exception</th></tr><tr><td><div class="stacktrace">org.testng.TestNGException: 
Parameter &apos;browser&apos; is required by BeforeMethod on method launchbrowser but has not been marked @Optional or defined

	at java.base/java.util.ArrayList.forEach(ArrayList.java:1541)
... Removed 38 stack frames</div></td></tr></table><p class="totop"><a href="#summary">back to summary</a></p>
<h3 id="m1">com.obsquara.scripts.CustomerpageTest#launchbrowser</h3><table class="result"><tr><th>Exception</th></tr><tr><td><div class="stacktrace">org.testng.TestNGException: 
Parameter &apos;browser&apos; is required by BeforeMethod on method launchbrowser but has not been marked @Optional or defined

	at java.base/java.util.ArrayList.forEach(ArrayList.java:1541)
... Removed 38 stack frames</div></td></tr></table><p class="totop"><a href="#summary">back to summary</a></p>
<h3 id="m2">com.obsquara.scripts.HomepageTest#launchbrowser</h3><table class="result"><tr><th>Exception</th></tr><tr><td><div class="stacktrace">org.testng.TestNGException: 
Parameter &apos;browser&apos; is required by BeforeMethod on method launchbrowser but has not been marked @Optional or defined

	at java.base/java.util.ArrayList.forEach(ArrayList.java:1541)
... Removed 38 stack frames</div></td></tr></table><p class="totop"><a href="#summary">back to summary</a></p>
<h3 id="m3">com.obsquara.scripts.LoginPageTest#launchbrowser</h3><table class="result"><tr><th>Exception</th></tr><tr><td><div class="stacktrace">org.testng.TestNGException: 
Parameter &apos;browser&apos; is required by BeforeMethod on method launchbrowser but has not been marked @Optional or defined

	at java.base/java.util.ArrayList.forEach(ArrayList.java:1541)
... Removed 38 stack frames</div></td></tr></table><p class="totop"><a href="#summary">back to summary</a></p>
<h3 id="m4">com.obsquara.scripts.ProductPageTest#launchbrowser</h3><table class="result"><tr><th>Exception</th></tr><tr><td><div class="stacktrace">org.testng.TestNGException: 
Parameter &apos;browser&apos; is required by BeforeMethod on method launchbrowser but has not been marked @Optional or defined

	at java.base/java.util.ArrayList.forEach(ArrayList.java:1541)
... Removed 38 stack frames</div></td></tr></table><p class="totop"><a href="#summary">back to summary</a></p>
<h3 id="m5">com.obsquara.scripts.ProfilepageTest#launchbrowser</h3><table class="result"><tr><th>Exception</th></tr><tr><td><div class="stacktrace">org.testng.TestNGException: 
Parameter &apos;browser&apos; is required by BeforeMethod on method launchbrowser but has not been marked @Optional or defined

	at java.base/java.util.ArrayList.forEach(ArrayList.java:1541)
... Removed 38 stack frames</div></td></tr></table><p class="totop"><a href="#summary">back to summary</a></p>
<h3 id="m6">com.obsquara.scripts.RolesPageTest#launchbrowser</h3><table class="result"><tr><th>Exception</th></tr><tr><td><div class="stacktrace">org.testng.TestNGException: 
Parameter &apos;browser&apos; is required by BeforeMethod on method launchbrowser but has not been marked @Optional or defined

	at java.base/java.util.ArrayList.forEach(ArrayList.java:1541)
... Removed 38 stack frames</div></td></tr></table><p class="totop"><a href="#summary">back to summary</a></p>
<h3 id="m7">com.obsquara.scripts.TaxRatePageTest#launchbrowser</h3><table class="result"><tr><th>Exception</th></tr><tr><td><div class="stacktrace">org.testng.TestNGException: 
Parameter &apos;browser&apos; is required by BeforeMethod on method launchbrowser but has not been marked @Optional or defined

	at java.base/java.util.ArrayList.forEach(ArrayList.java:1541)
... Removed 38 stack frames</div></td></tr></table><p class="totop"><a href="#summary">back to summary</a></p>
<h3 id="m8">com.obsquara.scripts.HomepageTest#launchbrowser</h3><table class="result"><tr><th class="invisible"/></tr></table><p class="totop"><a href="#summary">back to summary</a></p>
<h3 id="m9">com.obsquara.scripts.HomepageTest#launchbrowser</h3><table class="result"><tr><th class="invisible"/></tr></table><p class="totop"><a href="#summary">back to summary</a></p>
<h3 id="m10">com.obsquara.scripts.HomepageTest#launchbrowser</h3><table class="result"><tr><th class="invisible"/></tr></table><p class="totop"><a href="#summary">back to summary</a></p>
<h3 id="m11">com.obsquara.scripts.HomepageTest#launchbrowser</h3><table class="result"><tr><th class="invisible"/></tr></table><p class="totop"><a href="#summary">back to summary</a></p>
<h3 id="m12">com.obsquara.scripts.HomepageTest#launchbrowser</h3><table class="result"><tr><th class="invisible"/></tr></table><p class="totop"><a href="#summary">back to summary</a></p>
<h3 id="m13">com.obsquara.scripts.HomepageTest#launchbrowser</h3><table class="result"><tr><th class="invisible"/></tr></table><p class="totop"><a href="#summary">back to summary</a></p>
<h3 id="m14">com.obsquara.scripts.LoginPageTest#launchbrowser</h3><table class="result"><tr><th class="invisible"/></tr></table><p class="totop"><a href="#summary">back to summary</a></p>
<h3 id="m15">com.obsquara.scripts.LoginPageTest#launchbrowser</h3><table class="result"><tr><th class="invisible"/></tr></table><p class="totop"><a href="#summary">back to summary</a></p>
<h3 id="m16">com.obsquara.scripts.LoginPageTest#launchbrowser</h3><table class="result"><tr><th class="invisible"/></tr></table><p class="totop"><a href="#summary">back to summary</a></p>
<h3 id="m17">com.obsquara.scripts.LoginPageTest#launchbrowser</h3><table class="result"><tr><th class="invisible"/></tr></table><p class="totop"><a href="#summary">back to summary</a></p>
<h3 id="m18">com.obsquara.scripts.LoginPageTest#launchbrowser</h3><table class="result"><tr><th class="invisible"/></tr></table><p class="totop"><a href="#summary">back to summary</a></p>
<h3 id="m19">com.obsquara.scripts.ProductPageTest#launchbrowser</h3><table class="result"><tr><th class="invisible"/></tr></table><p class="totop"><a href="#summary">back to summary</a></p>
<h3 id="m20">com.obsquara.scripts.ProductPageTest#launchbrowser</h3><table class="result"><tr><th class="invisible"/></tr></table><p class="totop"><a href="#summary">back to summary</a></p>
<h3 id="m21">com.obsquara.scripts.ProfilepageTest#launchbrowser</h3><table class="result"><tr><th class="invisible"/></tr></table><p class="totop"><a href="#summary">back to summary</a></p>
<h3 id="m22">com.obsquara.scripts.ProfilepageTest#launchbrowser</h3><table class="result"><tr><th class="invisible"/></tr></table><p class="totop"><a href="#summary">back to summary</a></p>
<h3 id="m23">com.obsquara.scripts.ProfilepageTest#launchbrowser</h3><table class="result"><tr><th class="invisible"/></tr></table><p class="totop"><a href="#summary">back to summary</a></p>
<h3 id="m24">com.obsquara.scripts.BrandpageTest#verifyUserCanAddNewBrand</h3><table class="result"><tr><th>Exception</th></tr><tr><td><div class="stacktrace">org.testng.TestNGException: 
Parameter &apos;browser&apos; is required by BeforeMethod on method launchbrowser but has not been marked @Optional or defined

	at java.base/java.util.ArrayList.forEach(ArrayList.java:1541)
... Removed 38 stack frames</div></td></tr></table><p class="totop"><a href="#summary">back to summary</a></p>
<h3 id="m25">com.obsquara.scripts.CustomerpageTest#verifyCustomerEntryIsAbleToCopyToClipboard</h3><table class="result"><tr><th>Exception</th></tr><tr><td><div class="stacktrace">org.testng.TestNGException: 
Parameter &apos;browser&apos; is required by BeforeMethod on method launchbrowser but has not been marked @Optional or defined

	at java.base/java.util.ArrayList.forEach(ArrayList.java:1541)
... Removed 38 stack frames</div></td></tr></table><p class="totop"><a href="#summary">back to summary</a></p>
<h3 id="m26">com.obsquara.scripts.HomepageTest#checkHomePageloaded</h3><table class="result"><tr><th>Exception</th></tr><tr><td><div class="stacktrace">org.testng.TestNGException: 
Parameter &apos;browser&apos; is required by BeforeMethod on method launchbrowser but has not been marked @Optional or defined

	at java.base/java.util.ArrayList.forEach(ArrayList.java:1541)
... Removed 38 stack frames</div></td></tr></table><p class="totop"><a href="#summary">back to summary</a></p>
<h3 id="m27">com.obsquara.scripts.HomepageTest#verifyCalcutatorShowingWhileClickingOnCalculatorIcon</h3><table class="result"><tr><th>Exception</th></tr><tr><td><div class="stacktrace">org.testng.TestNGException: 
Parameter &apos;browser&apos; is required by BeforeMethod on method launchbrowser but has not been marked @Optional or defined

	at java.base/java.util.ArrayList.forEach(ArrayList.java:1541)
... Removed 38 stack frames</div></td></tr></table><p class="totop"><a href="#summary">back to summary</a></p>
<h3 id="m28">com.obsquara.scripts.HomepageTest#verifyNotificationmessageShowingUponClickingBellButton</h3><table class="result"><tr><th>Exception</th></tr><tr><td><div class="stacktrace">org.testng.TestNGException: 
Parameter &apos;browser&apos; is required by BeforeMethod on method launchbrowser but has not been marked @Optional or defined

	at java.base/java.util.ArrayList.forEach(ArrayList.java:1541)
... Removed 38 stack frames</div></td></tr></table><p class="totop"><a href="#summary">back to summary</a></p>
<h3 id="m29">com.obsquara.scripts.HomepageTest#verifyTodaysProfitMessageDisplayingWhileClickingOnTodaysProfitIcon</h3><table class="result"><tr><th>Exception</th></tr><tr><td><div class="stacktrace">org.testng.TestNGException: 
Parameter &apos;browser&apos; is required by BeforeMethod on method launchbrowser but has not been marked @Optional or defined

	at java.base/java.util.ArrayList.forEach(ArrayList.java:1541)
... Removed 38 stack frames</div></td></tr></table><p class="totop"><a href="#summary">back to summary</a></p>
<h3 id="m30">com.obsquara.scripts.HomepageTest#verifyUserManagementDropDownIsWorking</h3><table class="result"><tr><th>Exception</th></tr><tr><td><div class="stacktrace">org.testng.TestNGException: 
Parameter &apos;browser&apos; is required by BeforeMethod on method launchbrowser but has not been marked @Optional or defined

	at java.base/java.util.ArrayList.forEach(ArrayList.java:1541)
... Removed 38 stack frames</div></td></tr></table><p class="totop"><a href="#summary">back to summary</a></p>
<h3 id="m31">com.obsquara.scripts.HomepageTest#verifyWelcomeMessageShowingAsExpected</h3><table class="result"><tr><th>Exception</th></tr><tr><td><div class="stacktrace">org.testng.TestNGException: 
Parameter &apos;browser&apos; is required by BeforeMethod on method launchbrowser but has not been marked @Optional or defined

	at java.base/java.util.ArrayList.forEach(ArrayList.java:1541)
... Removed 38 stack frames</div></td></tr></table><p class="totop"><a href="#summary">back to summary</a></p>
<h3 id="m32">com.obsquara.scripts.HomepageTest#verifyhomepagetitle</h3><table class="result"><tr><th>Exception</th></tr><tr><td><div class="stacktrace">org.testng.TestNGException: 
Parameter &apos;browser&apos; is required by BeforeMethod on method launchbrowser but has not been marked @Optional or defined

	at java.base/java.util.ArrayList.forEach(ArrayList.java:1541)
... Removed 38 stack frames</div></td></tr></table><p class="totop"><a href="#summary">back to summary</a></p>
<h3 id="m33">com.obsquara.scripts.LoginPageTest#checkSignOut</h3><table class="result"><tr><th>Exception</th></tr><tr><td><div class="stacktrace">org.testng.TestNGException: 
Parameter &apos;browser&apos; is required by BeforeMethod on method launchbrowser but has not been marked @Optional or defined

	at java.base/java.util.ArrayList.forEach(ArrayList.java:1541)
... Removed 38 stack frames</div></td></tr></table><p class="totop"><a href="#summary">back to summary</a></p>
<h3 id="m34">com.obsquara.scripts.LoginPageTest#verifyUserIsAbleToChooseRememberMeOption</h3><table class="result"><tr><th>Exception</th></tr><tr><td><div class="stacktrace">org.testng.TestNGException: 
Parameter &apos;browser&apos; is required by BeforeMethod on method launchbrowser but has not been marked @Optional or defined

	at java.base/java.util.ArrayList.forEach(ArrayList.java:1541)
... Removed 38 stack frames</div></td></tr></table><p class="totop"><a href="#summary">back to summary</a></p>
<h3 id="m35">com.obsquara.scripts.LoginPageTest#verifyUserIsNotAbleToLoginWitInvalidPassword</h3><table class="result"><tr><th>Exception</th></tr><tr><td><div class="stacktrace">org.testng.TestNGException: 
Parameter &apos;browser&apos; is required by BeforeMethod on method launchbrowser but has not been marked @Optional or defined

	at java.base/java.util.ArrayList.forEach(ArrayList.java:1541)
... Removed 38 stack frames</div></td></tr></table><p class="totop"><a href="#summary">back to summary</a></p>
<h3 id="m36">com.obsquara.scripts.LoginPageTest#verifyUserIsNotAbleToLoginWitInvalidUsername</h3><table class="result"><tr><th>Exception</th></tr><tr><td><div class="stacktrace">org.testng.TestNGException: 
Parameter &apos;browser&apos; is required by BeforeMethod on method launchbrowser but has not been marked @Optional or defined

	at java.base/java.util.ArrayList.forEach(ArrayList.java:1541)
... Removed 38 stack frames</div></td></tr></table><p class="totop"><a href="#summary">back to summary</a></p>
<h3 id="m37">com.obsquara.scripts.LoginPageTest#verifyUserIsNotAbleToLoginWitInvalidloginfunction</h3><table class="result"><tr><th>Exception</th></tr><tr><td><div class="stacktrace">org.testng.TestNGException: 
Parameter &apos;browser&apos; is required by BeforeMethod on method launchbrowser but has not been marked @Optional or defined

	at java.base/java.util.ArrayList.forEach(ArrayList.java:1541)
... Removed 38 stack frames</div></td></tr></table><p class="totop"><a href="#summary">back to summary</a></p>
<h3 id="m38">com.obsquara.scripts.LoginPageTest#verifyUserisAbleToLoginWitvalidloginfunction</h3><table class="result"><tr><th>Exception</th></tr><tr><td><div class="stacktrace">org.testng.TestNGException: 
Parameter &apos;browser&apos; is required by BeforeMethod on method launchbrowser but has not been marked @Optional or defined

	at java.base/java.util.ArrayList.forEach(ArrayList.java:1541)
... Removed 38 stack frames</div></td></tr></table><p class="totop"><a href="#summary">back to summary</a></p>
<h3 id="m39">com.obsquara.scripts.ProductPageTest#verifyClickingonDeactiveselectiveButtonShowsWarningMessageAlert</h3><table class="result"><tr><th>Exception</th></tr><tr><td><div class="stacktrace">org.testng.TestNGException: 
Parameter &apos;browser&apos; is required by BeforeMethod on method launchbrowser but has not been marked @Optional or defined

	at java.base/java.util.ArrayList.forEach(ArrayList.java:1541)
... Removed 38 stack frames</div></td></tr></table><p class="totop"><a href="#summary">back to summary</a></p>
<h3 id="m40">com.obsquara.scripts.ProductPageTest#verifyDropDownlistisDisplayingUponClickingOndropdownarrow</h3><table class="result"><tr><th>Exception</th></tr><tr><td><div class="stacktrace">org.testng.TestNGException: 
Parameter &apos;browser&apos; is required by BeforeMethod on method launchbrowser but has not been marked @Optional or defined

	at java.base/java.util.ArrayList.forEach(ArrayList.java:1541)
... Removed 38 stack frames</div></td></tr></table><p class="totop"><a href="#summary">back to summary</a></p>
<h3 id="m41">com.obsquara.scripts.ProductPageTest#verifySelectAllProductselectsallInProductPage</h3><table class="result"><tr><th>Exception</th></tr><tr><td><div class="stacktrace">org.testng.TestNGException: 
Parameter &apos;browser&apos; is required by BeforeMethod on method launchbrowser but has not been marked @Optional or defined

	at java.base/java.util.ArrayList.forEach(ArrayList.java:1541)
... Removed 38 stack frames</div></td></tr></table><p class="totop"><a href="#summary">back to summary</a></p>
<h3 id="m42">com.obsquara.scripts.ProfilepageTest#IsProfilePageLoadedSuccesfully</h3><table class="result"><tr><th>Exception</th></tr><tr><td><div class="stacktrace">org.testng.TestNGException: 
Parameter &apos;browser&apos; is required by BeforeMethod on method launchbrowser but has not been marked @Optional or defined

	at java.base/java.util.ArrayList.forEach(ArrayList.java:1541)
... Removed 38 stack frames</div></td></tr></table><p class="totop"><a href="#summary">back to summary</a></p>
<h3 id="m43">com.obsquara.scripts.ProfilepageTest#VerifyUserCanChooseLanguageFromrowpDownList</h3><table class="result"><tr><th>Exception</th></tr><tr><td><div class="stacktrace">org.testng.TestNGException: 
Parameter &apos;browser&apos; is required by BeforeMethod on method launchbrowser but has not been marked @Optional or defined

	at java.base/java.util.ArrayList.forEach(ArrayList.java:1541)
... Removed 38 stack frames</div></td></tr></table><p class="totop"><a href="#summary">back to summary</a></p>
<h3 id="m44">com.obsquara.scripts.ProfilepageTest#verifyUserCanEditProfile</h3><table class="result"><tr><th>Exception</th></tr><tr><td><div class="stacktrace">org.testng.TestNGException: 
Parameter &apos;browser&apos; is required by BeforeMethod on method launchbrowser but has not been marked @Optional or defined

	at java.base/java.util.ArrayList.forEach(ArrayList.java:1541)
... Removed 38 stack frames</div></td></tr></table><p class="totop"><a href="#summary">back to summary</a></p>
<h3 id="m45">com.obsquara.scripts.ProfilepageTest#verifyUserCanUpdatePassword</h3><table class="result"><tr><th>Exception</th></tr><tr><td><div class="stacktrace">org.testng.TestNGException: 
Parameter &apos;browser&apos; is required by BeforeMethod on method launchbrowser but has not been marked @Optional or defined

	at java.base/java.util.ArrayList.forEach(ArrayList.java:1541)
... Removed 38 stack frames</div></td></tr></table><p class="totop"><a href="#summary">back to summary</a></p>
<h3 id="m46">com.obsquara.scripts.RolesPageTest#verifyTheUserCanSorttheRolesTable</h3><table class="result"><tr><th>Exception</th></tr><tr><td><div class="stacktrace">org.testng.TestNGException: 
Parameter &apos;browser&apos; is required by BeforeMethod on method launchbrowser but has not been marked @Optional or defined

	at java.base/java.util.ArrayList.forEach(ArrayList.java:1541)
... Removed 38 stack frames</div></td></tr></table><p class="totop"><a href="#summary">back to summary</a></p>
<h3 id="m47">com.obsquara.scripts.TaxRatePageTest#verifyWhetherTheUserCanAddNewTaxRate</h3><table class="result"><tr><th>Exception</th></tr><tr><td><div class="stacktrace">org.testng.TestNGException: 
Parameter &apos;browser&apos; is required by BeforeMethod on method launchbrowser but has not been marked @Optional or defined

	at java.base/java.util.ArrayList.forEach(ArrayList.java:1541)
... Removed 38 stack frames</div></td></tr></table><p class="totop"><a href="#summary">back to summary</a></p>
</body>
</html>
