<!DOCTYPE html>

<html>
  <head>
  <meta charset='utf-8'>
  <title>TestNG reports</title>

    <link type="text/css" href="testng-reports.css" rel="stylesheet" />
    <script type="text/javascript" src="jquery-3.4.1.min.js"></script>
    <script type="text/javascript" src="testng-reports.js"></script>
    <script type="text/javascript" src="https://www.google.com/jsapi"></script>
    <script type='text/javascript'>
      google.load('visualization', '1', {packages:['table']});
      google.setOnLoadCallback(drawTable);
      var suiteTableInitFunctions = new Array();
      var suiteTableData = new Array();
    </script>
    <!--
      <script type="text/javascript" src="jquery-ui/js/jquery-ui-1.8.16.custom.min.js"></script>
     -->
  </head>

  <body>
    <div class="top-banner-root">
      <span class="top-banner-title-font">Test results</span>
      <br/>
      <span class="top-banner-font-1">1 suite</span>
    </div> <!-- top-banner-root -->
    <div class="navigator-root">
      <div class="navigator-suite-header">
        <span>All suites</span>
        <a href="#" title="Collapse/expand all the suites" class="collapse-all-link">
          <img src="collapseall.gif" class="collapse-all-icon">
          </img> <!-- collapse-all-icon -->
        </a> <!-- collapse-all-link -->
      </div> <!-- navigator-suite-header -->
      <div class="suite">
        <div class="rounded-window">
          <div class="suite-header light-rounded-window-top">
            <a href="#" panel-name="suite-Command_line_suite" class="navigator-link">
              <span class="suite-name border-skipped">Command line suite</span>
            </a> <!-- navigator-link -->
          </div> <!-- suite-header light-rounded-window-top -->
          <div class="navigator-suite-content">
            <div class="suite-section-title">
              <span>Info</span>
            </div> <!-- suite-section-title -->
            <div class="suite-section-content">
              <ul>
                <li>
                  <a href="#" panel-name="test-xml-Command_line_suite" class="navigator-link ">
                    <span>[unset file name]</span>
                  </a> <!-- navigator-link  -->
                </li>
                <li>
                  <a href="#" panel-name="testlist-Command_line_suite" class="navigator-link ">
                    <span class="test-stats">1 test</span>
                  </a> <!-- navigator-link  -->
                </li>
                <li>
                  <a href="#" panel-name="group-Command_line_suite" class="navigator-link ">
                    <span>2 groups</span>
                  </a> <!-- navigator-link  -->
                </li>
                <li>
                  <a href="#" panel-name="times-Command_line_suite" class="navigator-link ">
                    <span>Times</span>
                  </a> <!-- navigator-link  -->
                </li>
                <li>
                  <a href="#" panel-name="reporter-Command_line_suite" class="navigator-link ">
                    <span>Reporter output</span>
                  </a> <!-- navigator-link  -->
                </li>
                <li>
                  <a href="#" panel-name="ignored-methods-Command_line_suite" class="navigator-link ">
                    <span>Ignored methods</span>
                  </a> <!-- navigator-link  -->
                </li>
                <li>
                  <a href="#" panel-name="chronological-Command_line_suite" class="navigator-link ">
                    <span>Chronological view</span>
                  </a> <!-- navigator-link  -->
                </li>
              </ul>
            </div> <!-- suite-section-content -->
            <div class="result-section">
              <div class="suite-section-title">
                <span>Results</span>
              </div> <!-- suite-section-title -->
              <div class="suite-section-content">
                <ul>
                  <li>
                    <span class="method-stats">24 methods,  24 skipped,  </span>
                  </li>
                  <li>
                    <span class="method-list-title skipped">Skipped methods</span>
                    <span class="show-or-hide-methods skipped">
                      <a href="#" panel-name="suite-Command_line_suite" class="hide-methods skipped suite-Command_line_suite"> (hide)</a> <!-- hide-methods skipped suite-Command_line_suite -->
                      <a href="#" panel-name="suite-Command_line_suite" class="show-methods skipped suite-Command_line_suite"> (show)</a> <!-- show-methods skipped suite-Command_line_suite -->
                    </span>
                    <div class="method-list-content skipped suite-Command_line_suite">
                      <span>
                        <img src="skipped.png" width="3%"/>
                        <a href="#" panel-name="suite-Command_line_suite" title="com.obsquara.scripts.ProfilepageTest" class="method navigator-link" hash-for-method="IsProfilePageLoadedSuccesfully">IsProfilePageLoadedSuccesfully</a> <!-- method navigator-link -->
                      </span>
                      <br/>
                      <span>
                        <img src="skipped.png" width="3%"/>
                        <a href="#" panel-name="suite-Command_line_suite" title="com.obsquara.scripts.ProfilepageTest" class="method navigator-link" hash-for-method="VerifyUserCanChooseLanguageFromrowpDownList">VerifyUserCanChooseLanguageFromrowpDownList</a> <!-- method navigator-link -->
                      </span>
                      <br/>
                      <span>
                        <img src="skipped.png" width="3%"/>
                        <a href="#" panel-name="suite-Command_line_suite" title="com.obsquara.scripts.HomepageTest" class="method navigator-link" hash-for-method="checkHomePageloaded">checkHomePageloaded</a> <!-- method navigator-link -->
                      </span>
                      <br/>
                      <span>
                        <img src="skipped.png" width="3%"/>
                        <a href="#" panel-name="suite-Command_line_suite" title="com.obsquara.scripts.LoginPageTest" class="method navigator-link" hash-for-method="checkSignOut">checkSignOut</a> <!-- method navigator-link -->
                      </span>
                      <br/>
                      <span>
                        <img src="skipped.png" width="3%"/>
                        <a href="#" panel-name="suite-Command_line_suite" title="com.obsquara.scripts.HomepageTest" class="method navigator-link" hash-for-method="verifyCalcutatorShowingWhileClickingOnCalculatorIcon">verifyCalcutatorShowingWhileClickingOnCalculatorIcon</a> <!-- method navigator-link -->
                      </span>
                      <br/>
                      <span>
                        <img src="skipped.png" width="3%"/>
                        <a href="#" panel-name="suite-Command_line_suite" title="com.obsquara.scripts.ProductPageTest" class="method navigator-link" hash-for-method="verifyClickingonDeactiveselectiveButtonShowsWarningMessageAlert">verifyClickingonDeactiveselectiveButtonShowsWarningMessageAlert</a> <!-- method navigator-link -->
                      </span>
                      <br/>
                      <span>
                        <img src="skipped.png" width="3%"/>
                        <a href="#" panel-name="suite-Command_line_suite" title="com.obsquara.scripts.CustomerpageTest" class="method navigator-link" hash-for-method="verifyCustomerEntryIsAbleToCopyToClipboard">verifyCustomerEntryIsAbleToCopyToClipboard</a> <!-- method navigator-link -->
                      </span>
                      <br/>
                      <span>
                        <img src="skipped.png" width="3%"/>
                        <a href="#" panel-name="suite-Command_line_suite" title="com.obsquara.scripts.ProductPageTest" class="method navigator-link" hash-for-method="verifyDropDownlistisDisplayingUponClickingOndropdownarrow">verifyDropDownlistisDisplayingUponClickingOndropdownarrow</a> <!-- method navigator-link -->
                      </span>
                      <br/>
                      <span>
                        <img src="skipped.png" width="3%"/>
                        <a href="#" panel-name="suite-Command_line_suite" title="com.obsquara.scripts.HomepageTest" class="method navigator-link" hash-for-method="verifyNotificationmessageShowingUponClickingBellButton">verifyNotificationmessageShowingUponClickingBellButton</a> <!-- method navigator-link -->
                      </span>
                      <br/>
                      <span>
                        <img src="skipped.png" width="3%"/>
                        <a href="#" panel-name="suite-Command_line_suite" title="com.obsquara.scripts.ProductPageTest" class="method navigator-link" hash-for-method="verifySelectAllProductselectsallInProductPage">verifySelectAllProductselectsallInProductPage</a> <!-- method navigator-link -->
                      </span>
                      <br/>
                      <span>
                        <img src="skipped.png" width="3%"/>
                        <a href="#" panel-name="suite-Command_line_suite" title="com.obsquara.scripts.RolesPageTest" class="method navigator-link" hash-for-method="verifyTheUserCanSorttheRolesTable">verifyTheUserCanSorttheRolesTable</a> <!-- method navigator-link -->
                      </span>
                      <br/>
                      <span>
                        <img src="skipped.png" width="3%"/>
                        <a href="#" panel-name="suite-Command_line_suite" title="com.obsquara.scripts.HomepageTest" class="method navigator-link" hash-for-method="verifyTodaysProfitMessageDisplayingWhileClickingOnTodaysProfitIcon">verifyTodaysProfitMessageDisplayingWhileClickingOnTodaysProfitIcon</a> <!-- method navigator-link -->
                      </span>
                      <br/>
                      <span>
                        <img src="skipped.png" width="3%"/>
                        <a href="#" panel-name="suite-Command_line_suite" title="com.obsquara.scripts.BrandpageTest" class="method navigator-link" hash-for-method="verifyUserCanAddNewBrand">verifyUserCanAddNewBrand</a> <!-- method navigator-link -->
                      </span>
                      <br/>
                      <span>
                        <img src="skipped.png" width="3%"/>
                        <a href="#" panel-name="suite-Command_line_suite" title="com.obsquara.scripts.ProfilepageTest" class="method navigator-link" hash-for-method="verifyUserCanEditProfile">verifyUserCanEditProfile</a> <!-- method navigator-link -->
                      </span>
                      <br/>
                      <span>
                        <img src="skipped.png" width="3%"/>
                        <a href="#" panel-name="suite-Command_line_suite" title="com.obsquara.scripts.ProfilepageTest" class="method navigator-link" hash-for-method="verifyUserCanUpdatePassword">verifyUserCanUpdatePassword</a> <!-- method navigator-link -->
                      </span>
                      <br/>
                      <span>
                        <img src="skipped.png" width="3%"/>
                        <a href="#" panel-name="suite-Command_line_suite" title="com.obsquara.scripts.LoginPageTest" class="method navigator-link" hash-for-method="verifyUserIsAbleToChooseRememberMeOption">verifyUserIsAbleToChooseRememberMeOption</a> <!-- method navigator-link -->
                      </span>
                      <br/>
                      <span>
                        <img src="skipped.png" width="3%"/>
                        <a href="#" panel-name="suite-Command_line_suite" title="com.obsquara.scripts.LoginPageTest" class="method navigator-link" hash-for-method="verifyUserIsNotAbleToLoginWitInvalidPassword">verifyUserIsNotAbleToLoginWitInvalidPassword</a> <!-- method navigator-link -->
                      </span>
                      <br/>
                      <span>
                        <img src="skipped.png" width="3%"/>
                        <a href="#" panel-name="suite-Command_line_suite" title="com.obsquara.scripts.LoginPageTest" class="method navigator-link" hash-for-method="verifyUserIsNotAbleToLoginWitInvalidUsername">verifyUserIsNotAbleToLoginWitInvalidUsername</a> <!-- method navigator-link -->
                      </span>
                      <br/>
                      <span>
                        <img src="skipped.png" width="3%"/>
                        <a href="#" panel-name="suite-Command_line_suite" title="com.obsquara.scripts.LoginPageTest" class="method navigator-link" hash-for-method="verifyUserIsNotAbleToLoginWitInvalidloginfunction">verifyUserIsNotAbleToLoginWitInvalidloginfunction</a> <!-- method navigator-link -->
                      </span>
                      <br/>
                      <span>
                        <img src="skipped.png" width="3%"/>
                        <a href="#" panel-name="suite-Command_line_suite" title="com.obsquara.scripts.HomepageTest" class="method navigator-link" hash-for-method="verifyUserManagementDropDownIsWorking">verifyUserManagementDropDownIsWorking</a> <!-- method navigator-link -->
                      </span>
                      <br/>
                      <span>
                        <img src="skipped.png" width="3%"/>
                        <a href="#" panel-name="suite-Command_line_suite" title="com.obsquara.scripts.LoginPageTest" class="method navigator-link" hash-for-method="verifyUserisAbleToLoginWitvalidloginfunction">verifyUserisAbleToLoginWitvalidloginfunction</a> <!-- method navigator-link -->
                      </span>
                      <br/>
                      <span>
                        <img src="skipped.png" width="3%"/>
                        <a href="#" panel-name="suite-Command_line_suite" title="com.obsquara.scripts.HomepageTest" class="method navigator-link" hash-for-method="verifyWelcomeMessageShowingAsExpected">verifyWelcomeMessageShowingAsExpected</a> <!-- method navigator-link -->
                      </span>
                      <br/>
                      <span>
                        <img src="skipped.png" width="3%"/>
                        <a href="#" panel-name="suite-Command_line_suite" title="com.obsquara.scripts.TaxRatePageTest" class="method navigator-link" hash-for-method="verifyWhetherTheUserCanAddNewTaxRate">verifyWhetherTheUserCanAddNewTaxRate</a> <!-- method navigator-link -->
                      </span>
                      <br/>
                      <span>
                        <img src="skipped.png" width="3%"/>
                        <a href="#" panel-name="suite-Command_line_suite" title="com.obsquara.scripts.HomepageTest" class="method navigator-link" hash-for-method="verifyhomepagetitle">verifyhomepagetitle</a> <!-- method navigator-link -->
                      </span>
                      <br/>
                    </div> <!-- method-list-content skipped suite-Command_line_suite -->
                  </li>
                </ul>
              </div> <!-- suite-section-content -->
            </div> <!-- result-section -->
          </div> <!-- navigator-suite-content -->
        </div> <!-- rounded-window -->
      </div> <!-- suite -->
    </div> <!-- navigator-root -->
    <div class="wrapper">
      <div class="main-panel-root">
        <div panel-name="suite-Command_line_suite" class="panel Command_line_suite">
          <div class="suite-Command_line_suite-class-skipped">
            <div class="main-panel-header rounded-window-top">
              <img src="skipped.png"/>
              <span class="class-name">com.obsquara.scripts.TaxRatePageTest</span>
            </div> <!-- main-panel-header rounded-window-top -->
            <div class="main-panel-content rounded-window-bottom">
              <div class="method">
                <div class="method-content">
                  <a name="verifyWhetherTheUserCanAddNewTaxRate">
                  </a> <!-- verifyWhetherTheUserCanAddNewTaxRate -->
                  <span class="method-name">verifyWhetherTheUserCanAddNewTaxRate</span>
                  <div class="stack-trace">org.testng.TestNGException: 
Parameter &apos;browser&apos; is required by BeforeMethod on method launchbrowser but has not been marked @Optional or defined

	at java.base/java.util.ArrayList.forEach(ArrayList.java:1541)
... Removed 38 stack frames
</div> <!-- stack-trace -->
                </div> <!-- method-content -->
              </div> <!-- method -->
            </div> <!-- main-panel-content rounded-window-bottom -->
          </div> <!-- suite-Command_line_suite-class-skipped -->
          <div class="suite-Command_line_suite-class-skipped">
            <div class="main-panel-header rounded-window-top">
              <img src="skipped.png"/>
              <span class="class-name">com.obsquara.scripts.HomepageTest</span>
            </div> <!-- main-panel-header rounded-window-top -->
            <div class="main-panel-content rounded-window-bottom">
              <div class="method">
                <div class="method-content">
                  <a name="checkHomePageloaded">
                  </a> <!-- checkHomePageloaded -->
                  <span class="method-name">checkHomePageloaded</span>
                  <div class="stack-trace">org.testng.TestNGException: 
Parameter &apos;browser&apos; is required by BeforeMethod on method launchbrowser but has not been marked @Optional or defined

	at java.base/java.util.ArrayList.forEach(ArrayList.java:1541)
... Removed 38 stack frames
</div> <!-- stack-trace -->
                </div> <!-- method-content -->
              </div> <!-- method -->
              <div class="method">
                <div class="method-content">
                  <a name="verifyCalcutatorShowingWhileClickingOnCalculatorIcon">
                  </a> <!-- verifyCalcutatorShowingWhileClickingOnCalculatorIcon -->
                  <span class="method-name">verifyCalcutatorShowingWhileClickingOnCalculatorIcon</span>
                  <div class="stack-trace">org.testng.TestNGException: 
Parameter &apos;browser&apos; is required by BeforeMethod on method launchbrowser but has not been marked @Optional or defined

	at java.base/java.util.ArrayList.forEach(ArrayList.java:1541)
... Removed 38 stack frames
</div> <!-- stack-trace -->
                </div> <!-- method-content -->
              </div> <!-- method -->
              <div class="method">
                <div class="method-content">
                  <a name="verifyNotificationmessageShowingUponClickingBellButton">
                  </a> <!-- verifyNotificationmessageShowingUponClickingBellButton -->
                  <span class="method-name">verifyNotificationmessageShowingUponClickingBellButton</span>
                  <div class="stack-trace">org.testng.TestNGException: 
Parameter &apos;browser&apos; is required by BeforeMethod on method launchbrowser but has not been marked @Optional or defined

	at java.base/java.util.ArrayList.forEach(ArrayList.java:1541)
... Removed 38 stack frames
</div> <!-- stack-trace -->
                </div> <!-- method-content -->
              </div> <!-- method -->
              <div class="method">
                <div class="method-content">
                  <a name="verifyTodaysProfitMessageDisplayingWhileClickingOnTodaysProfitIcon">
                  </a> <!-- verifyTodaysProfitMessageDisplayingWhileClickingOnTodaysProfitIcon -->
                  <span class="method-name">verifyTodaysProfitMessageDisplayingWhileClickingOnTodaysProfitIcon</span>
                  <div class="stack-trace">org.testng.TestNGException: 
Parameter &apos;browser&apos; is required by BeforeMethod on method launchbrowser but has not been marked @Optional or defined

	at java.base/java.util.ArrayList.forEach(ArrayList.java:1541)
... Removed 38 stack frames
</div> <!-- stack-trace -->
                </div> <!-- method-content -->
              </div> <!-- method -->
              <div class="method">
                <div class="method-content">
                  <a name="verifyUserManagementDropDownIsWorking">
                  </a> <!-- verifyUserManagementDropDownIsWorking -->
                  <span class="method-name">verifyUserManagementDropDownIsWorking</span>
                  <div class="stack-trace">org.testng.TestNGException: 
Parameter &apos;browser&apos; is required by BeforeMethod on method launchbrowser but has not been marked @Optional or defined

	at java.base/java.util.ArrayList.forEach(ArrayList.java:1541)
... Removed 38 stack frames
</div> <!-- stack-trace -->
                </div> <!-- method-content -->
              </div> <!-- method -->
              <div class="method">
                <div class="method-content">
                  <a name="verifyWelcomeMessageShowingAsExpected">
                  </a> <!-- verifyWelcomeMessageShowingAsExpected -->
                  <span class="method-name">verifyWelcomeMessageShowingAsExpected</span>
                  <div class="stack-trace">org.testng.TestNGException: 
Parameter &apos;browser&apos; is required by BeforeMethod on method launchbrowser but has not been marked @Optional or defined

	at java.base/java.util.ArrayList.forEach(ArrayList.java:1541)
... Removed 38 stack frames
</div> <!-- stack-trace -->
                </div> <!-- method-content -->
              </div> <!-- method -->
              <div class="method">
                <div class="method-content">
                  <a name="verifyhomepagetitle">
                  </a> <!-- verifyhomepagetitle -->
                  <span class="method-name">verifyhomepagetitle</span>
                  <div class="stack-trace">org.testng.TestNGException: 
Parameter &apos;browser&apos; is required by BeforeMethod on method launchbrowser but has not been marked @Optional or defined

	at java.base/java.util.ArrayList.forEach(ArrayList.java:1541)
... Removed 38 stack frames
</div> <!-- stack-trace -->
                </div> <!-- method-content -->
              </div> <!-- method -->
            </div> <!-- main-panel-content rounded-window-bottom -->
          </div> <!-- suite-Command_line_suite-class-skipped -->
          <div class="suite-Command_line_suite-class-skipped">
            <div class="main-panel-header rounded-window-top">
              <img src="skipped.png"/>
              <span class="class-name">com.obsquara.scripts.BrandpageTest</span>
            </div> <!-- main-panel-header rounded-window-top -->
            <div class="main-panel-content rounded-window-bottom">
              <div class="method">
                <div class="method-content">
                  <a name="verifyUserCanAddNewBrand">
                  </a> <!-- verifyUserCanAddNewBrand -->
                  <span class="method-name">verifyUserCanAddNewBrand</span>
                  <div class="stack-trace">org.testng.TestNGException: 
Parameter &apos;browser&apos; is required by BeforeMethod on method launchbrowser but has not been marked @Optional or defined

	at java.base/java.util.ArrayList.forEach(ArrayList.java:1541)
... Removed 38 stack frames
</div> <!-- stack-trace -->
                </div> <!-- method-content -->
              </div> <!-- method -->
            </div> <!-- main-panel-content rounded-window-bottom -->
          </div> <!-- suite-Command_line_suite-class-skipped -->
          <div class="suite-Command_line_suite-class-skipped">
            <div class="main-panel-header rounded-window-top">
              <img src="skipped.png"/>
              <span class="class-name">com.obsquara.scripts.ProfilepageTest</span>
            </div> <!-- main-panel-header rounded-window-top -->
            <div class="main-panel-content rounded-window-bottom">
              <div class="method">
                <div class="method-content">
                  <a name="IsProfilePageLoadedSuccesfully">
                  </a> <!-- IsProfilePageLoadedSuccesfully -->
                  <span class="method-name">IsProfilePageLoadedSuccesfully</span>
                  <div class="stack-trace">org.testng.TestNGException: 
Parameter &apos;browser&apos; is required by BeforeMethod on method launchbrowser but has not been marked @Optional or defined

	at java.base/java.util.ArrayList.forEach(ArrayList.java:1541)
... Removed 38 stack frames
</div> <!-- stack-trace -->
                </div> <!-- method-content -->
              </div> <!-- method -->
              <div class="method">
                <div class="method-content">
                  <a name="VerifyUserCanChooseLanguageFromrowpDownList">
                  </a> <!-- VerifyUserCanChooseLanguageFromrowpDownList -->
                  <span class="method-name">VerifyUserCanChooseLanguageFromrowpDownList</span>
                  <div class="stack-trace">org.testng.TestNGException: 
Parameter &apos;browser&apos; is required by BeforeMethod on method launchbrowser but has not been marked @Optional or defined

	at java.base/java.util.ArrayList.forEach(ArrayList.java:1541)
... Removed 38 stack frames
</div> <!-- stack-trace -->
                </div> <!-- method-content -->
              </div> <!-- method -->
              <div class="method">
                <div class="method-content">
                  <a name="verifyUserCanEditProfile">
                  </a> <!-- verifyUserCanEditProfile -->
                  <span class="method-name">verifyUserCanEditProfile</span>
                  <div class="stack-trace">org.testng.TestNGException: 
Parameter &apos;browser&apos; is required by BeforeMethod on method launchbrowser but has not been marked @Optional or defined

	at java.base/java.util.ArrayList.forEach(ArrayList.java:1541)
... Removed 38 stack frames
</div> <!-- stack-trace -->
                </div> <!-- method-content -->
              </div> <!-- method -->
              <div class="method">
                <div class="method-content">
                  <a name="verifyUserCanUpdatePassword">
                  </a> <!-- verifyUserCanUpdatePassword -->
                  <span class="method-name">verifyUserCanUpdatePassword</span>
                  <div class="stack-trace">org.testng.TestNGException: 
Parameter &apos;browser&apos; is required by BeforeMethod on method launchbrowser but has not been marked @Optional or defined

	at java.base/java.util.ArrayList.forEach(ArrayList.java:1541)
... Removed 38 stack frames
</div> <!-- stack-trace -->
                </div> <!-- method-content -->
              </div> <!-- method -->
            </div> <!-- main-panel-content rounded-window-bottom -->
          </div> <!-- suite-Command_line_suite-class-skipped -->
          <div class="suite-Command_line_suite-class-skipped">
            <div class="main-panel-header rounded-window-top">
              <img src="skipped.png"/>
              <span class="class-name">com.obsquara.scripts.CustomerpageTest</span>
            </div> <!-- main-panel-header rounded-window-top -->
            <div class="main-panel-content rounded-window-bottom">
              <div class="method">
                <div class="method-content">
                  <a name="verifyCustomerEntryIsAbleToCopyToClipboard">
                  </a> <!-- verifyCustomerEntryIsAbleToCopyToClipboard -->
                  <span class="method-name">verifyCustomerEntryIsAbleToCopyToClipboard</span>
                  <div class="stack-trace">org.testng.TestNGException: 
Parameter &apos;browser&apos; is required by BeforeMethod on method launchbrowser but has not been marked @Optional or defined

	at java.base/java.util.ArrayList.forEach(ArrayList.java:1541)
... Removed 38 stack frames
</div> <!-- stack-trace -->
                </div> <!-- method-content -->
              </div> <!-- method -->
            </div> <!-- main-panel-content rounded-window-bottom -->
          </div> <!-- suite-Command_line_suite-class-skipped -->
          <div class="suite-Command_line_suite-class-skipped">
            <div class="main-panel-header rounded-window-top">
              <img src="skipped.png"/>
              <span class="class-name">com.obsquara.scripts.RolesPageTest</span>
            </div> <!-- main-panel-header rounded-window-top -->
            <div class="main-panel-content rounded-window-bottom">
              <div class="method">
                <div class="method-content">
                  <a name="verifyTheUserCanSorttheRolesTable">
                  </a> <!-- verifyTheUserCanSorttheRolesTable -->
                  <span class="method-name">verifyTheUserCanSorttheRolesTable</span>
                  <div class="stack-trace">org.testng.TestNGException: 
Parameter &apos;browser&apos; is required by BeforeMethod on method launchbrowser but has not been marked @Optional or defined

	at java.base/java.util.ArrayList.forEach(ArrayList.java:1541)
... Removed 38 stack frames
</div> <!-- stack-trace -->
                </div> <!-- method-content -->
              </div> <!-- method -->
            </div> <!-- main-panel-content rounded-window-bottom -->
          </div> <!-- suite-Command_line_suite-class-skipped -->
          <div class="suite-Command_line_suite-class-skipped">
            <div class="main-panel-header rounded-window-top">
              <img src="skipped.png"/>
              <span class="class-name">com.obsquara.scripts.LoginPageTest</span>
            </div> <!-- main-panel-header rounded-window-top -->
            <div class="main-panel-content rounded-window-bottom">
              <div class="method">
                <div class="method-content">
                  <a name="checkSignOut">
                  </a> <!-- checkSignOut -->
                  <span class="method-name">checkSignOut</span>
                  <div class="stack-trace">org.testng.TestNGException: 
Parameter &apos;browser&apos; is required by BeforeMethod on method launchbrowser but has not been marked @Optional or defined

	at java.base/java.util.ArrayList.forEach(ArrayList.java:1541)
... Removed 38 stack frames
</div> <!-- stack-trace -->
                </div> <!-- method-content -->
              </div> <!-- method -->
              <div class="method">
                <div class="method-content">
                  <a name="verifyUserIsAbleToChooseRememberMeOption">
                  </a> <!-- verifyUserIsAbleToChooseRememberMeOption -->
                  <span class="method-name">verifyUserIsAbleToChooseRememberMeOption</span>
                  <div class="stack-trace">org.testng.TestNGException: 
Parameter &apos;browser&apos; is required by BeforeMethod on method launchbrowser but has not been marked @Optional or defined

	at java.base/java.util.ArrayList.forEach(ArrayList.java:1541)
... Removed 38 stack frames
</div> <!-- stack-trace -->
                </div> <!-- method-content -->
              </div> <!-- method -->
              <div class="method">
                <div class="method-content">
                  <a name="verifyUserIsNotAbleToLoginWitInvalidPassword">
                  </a> <!-- verifyUserIsNotAbleToLoginWitInvalidPassword -->
                  <span class="method-name">verifyUserIsNotAbleToLoginWitInvalidPassword</span>
                  <div class="stack-trace">org.testng.TestNGException: 
Parameter &apos;browser&apos; is required by BeforeMethod on method launchbrowser but has not been marked @Optional or defined

	at java.base/java.util.ArrayList.forEach(ArrayList.java:1541)
... Removed 38 stack frames
</div> <!-- stack-trace -->
                </div> <!-- method-content -->
              </div> <!-- method -->
              <div class="method">
                <div class="method-content">
                  <a name="verifyUserIsNotAbleToLoginWitInvalidUsername">
                  </a> <!-- verifyUserIsNotAbleToLoginWitInvalidUsername -->
                  <span class="method-name">verifyUserIsNotAbleToLoginWitInvalidUsername</span>
                  <div class="stack-trace">org.testng.TestNGException: 
Parameter &apos;browser&apos; is required by BeforeMethod on method launchbrowser but has not been marked @Optional or defined

	at java.base/java.util.ArrayList.forEach(ArrayList.java:1541)
... Removed 38 stack frames
</div> <!-- stack-trace -->
                </div> <!-- method-content -->
              </div> <!-- method -->
              <div class="method">
                <div class="method-content">
                  <a name="verifyUserIsNotAbleToLoginWitInvalidloginfunction">
                  </a> <!-- verifyUserIsNotAbleToLoginWitInvalidloginfunction -->
                  <span class="method-name">verifyUserIsNotAbleToLoginWitInvalidloginfunction</span>
                  <div class="stack-trace">org.testng.TestNGException: 
Parameter &apos;browser&apos; is required by BeforeMethod on method launchbrowser but has not been marked @Optional or defined

	at java.base/java.util.ArrayList.forEach(ArrayList.java:1541)
... Removed 38 stack frames
</div> <!-- stack-trace -->
                </div> <!-- method-content -->
              </div> <!-- method -->
              <div class="method">
                <div class="method-content">
                  <a name="verifyUserisAbleToLoginWitvalidloginfunction">
                  </a> <!-- verifyUserisAbleToLoginWitvalidloginfunction -->
                  <span class="method-name">verifyUserisAbleToLoginWitvalidloginfunction</span>
                  <div class="stack-trace">org.testng.TestNGException: 
Parameter &apos;browser&apos; is required by BeforeMethod on method launchbrowser but has not been marked @Optional or defined

	at java.base/java.util.ArrayList.forEach(ArrayList.java:1541)
... Removed 38 stack frames
</div> <!-- stack-trace -->
                </div> <!-- method-content -->
              </div> <!-- method -->
            </div> <!-- main-panel-content rounded-window-bottom -->
          </div> <!-- suite-Command_line_suite-class-skipped -->
          <div class="suite-Command_line_suite-class-skipped">
            <div class="main-panel-header rounded-window-top">
              <img src="skipped.png"/>
              <span class="class-name">com.obsquara.scripts.ProductPageTest</span>
            </div> <!-- main-panel-header rounded-window-top -->
            <div class="main-panel-content rounded-window-bottom">
              <div class="method">
                <div class="method-content">
                  <a name="verifyClickingonDeactiveselectiveButtonShowsWarningMessageAlert">
                  </a> <!-- verifyClickingonDeactiveselectiveButtonShowsWarningMessageAlert -->
                  <span class="method-name">verifyClickingonDeactiveselectiveButtonShowsWarningMessageAlert</span>
                  <div class="stack-trace">org.testng.TestNGException: 
Parameter &apos;browser&apos; is required by BeforeMethod on method launchbrowser but has not been marked @Optional or defined

	at java.base/java.util.ArrayList.forEach(ArrayList.java:1541)
... Removed 38 stack frames
</div> <!-- stack-trace -->
                </div> <!-- method-content -->
              </div> <!-- method -->
              <div class="method">
                <div class="method-content">
                  <a name="verifyDropDownlistisDisplayingUponClickingOndropdownarrow">
                  </a> <!-- verifyDropDownlistisDisplayingUponClickingOndropdownarrow -->
                  <span class="method-name">verifyDropDownlistisDisplayingUponClickingOndropdownarrow</span>
                  <div class="stack-trace">org.testng.TestNGException: 
Parameter &apos;browser&apos; is required by BeforeMethod on method launchbrowser but has not been marked @Optional or defined

	at java.base/java.util.ArrayList.forEach(ArrayList.java:1541)
... Removed 38 stack frames
</div> <!-- stack-trace -->
                </div> <!-- method-content -->
              </div> <!-- method -->
              <div class="method">
                <div class="method-content">
                  <a name="verifySelectAllProductselectsallInProductPage">
                  </a> <!-- verifySelectAllProductselectsallInProductPage -->
                  <span class="method-name">verifySelectAllProductselectsallInProductPage</span>
                  <div class="stack-trace">org.testng.TestNGException: 
Parameter &apos;browser&apos; is required by BeforeMethod on method launchbrowser but has not been marked @Optional or defined

	at java.base/java.util.ArrayList.forEach(ArrayList.java:1541)
... Removed 38 stack frames
</div> <!-- stack-trace -->
                </div> <!-- method-content -->
              </div> <!-- method -->
            </div> <!-- main-panel-content rounded-window-bottom -->
          </div> <!-- suite-Command_line_suite-class-skipped -->
        </div> <!-- panel Command_line_suite -->
        <div panel-name="test-xml-Command_line_suite" class="panel">
          <div class="main-panel-header rounded-window-top">
          </div> <!-- main-panel-header rounded-window-top -->
          <div class="main-panel-content rounded-window-bottom">
            <pre>
&lt;?xml version=&quot;1.0&quot; encoding=&quot;UTF-8&quot;?&gt;
&lt;!DOCTYPE suite SYSTEM &quot;https://testng.org/testng-1.0.dtd&quot;&gt;
&lt;suite name=&quot;Command line suite&quot; verbose=&quot;0&quot;&gt;
  &lt;test thread-count=&quot;5&quot; name=&quot;Command line test&quot; verbose=&quot;0&quot;&gt;
    &lt;classes&gt;
      &lt;class name=&quot;com.obsquara.scripts.BrandpageTest&quot;/&gt;
      &lt;class name=&quot;com.obsquara.scripts.CustomerpageTest&quot;/&gt;
      &lt;class name=&quot;com.obsquara.scripts.HomepageTest&quot;/&gt;
      &lt;class name=&quot;com.obsquara.scripts.LoginPageTest&quot;/&gt;
      &lt;class name=&quot;com.obsquara.scripts.ProductPageTest&quot;/&gt;
      &lt;class name=&quot;com.obsquara.scripts.ProfilepageTest&quot;/&gt;
      &lt;class name=&quot;com.obsquara.scripts.RegressionTest&quot;/&gt;
      &lt;class name=&quot;com.obsquara.scripts.RolesPageTest&quot;/&gt;
      &lt;class name=&quot;com.obsquara.scripts.TaxRatePageTest&quot;/&gt;
      &lt;class name=&quot;com.obsquara.scripts.TestHelper&quot;/&gt;
      &lt;class name=&quot;com.obsqura.listners.TestNGListerner&quot;/&gt;
    &lt;/classes&gt;
  &lt;/test&gt; &lt;!-- Command line test --&gt;
&lt;/suite&gt; &lt;!-- Command line suite --&gt;
            </pre>
          </div> <!-- main-panel-content rounded-window-bottom -->
        </div> <!-- panel -->
        <div panel-name="testlist-Command_line_suite" class="panel">
          <div class="main-panel-header rounded-window-top">
            <span class="header-content">Tests for Command line suite</span>
          </div> <!-- main-panel-header rounded-window-top -->
          <div class="main-panel-content rounded-window-bottom">
            <ul>
              <li>
                <span class="test-name">Command line test (11 classes)</span>
              </li>
            </ul>
          </div> <!-- main-panel-content rounded-window-bottom -->
        </div> <!-- panel -->
        <div panel-name="group-Command_line_suite" class="panel">
          <div class="main-panel-header rounded-window-top">
            <span class="header-content">Groups for Command line suite</span>
          </div> <!-- main-panel-header rounded-window-top -->
          <div class="main-panel-content rounded-window-bottom">
            <div class="test-group">
              <span class="test-group-name">dropdownfunction</span>
              <br/>
              <div class="method-in-group">
                <span class="method-in-group-name">verifyDropDownlistisDisplayingUponClickingOndropdownarrow</span>
                <br/>
              </div> <!-- method-in-group -->
            </div> <!-- test-group -->
            <div class="test-group">
              <span class="test-group-name">sanity</span>
              <br/>
              <div class="method-in-group">
                <span class="method-in-group-name">verifyCustomerEntryIsAbleToCopyToClipboard</span>
                <br/>
              </div> <!-- method-in-group -->
              <div class="method-in-group">
                <span class="method-in-group-name">verifyWhetherTheUserCanAddNewTaxRate</span>
                <br/>
              </div> <!-- method-in-group -->
            </div> <!-- test-group -->
          </div> <!-- main-panel-content rounded-window-bottom -->
        </div> <!-- panel -->
        <div panel-name="times-Command_line_suite" class="panel">
          <div class="main-panel-header rounded-window-top">
            <span class="header-content">Times for Command line suite</span>
          </div> <!-- main-panel-header rounded-window-top -->
          <div class="main-panel-content rounded-window-bottom">
            <div class="times-div">
              <script type="text/javascript">
suiteTableInitFunctions.push('tableData_Command_line_suite');
function tableData_Command_line_suite() {
var data = new google.visualization.DataTable();
data.addColumn('number', 'Number');
data.addColumn('string', 'Method');
data.addColumn('string', 'Class');
data.addColumn('number', 'Time (ms)');
data.addRows(24);
data.setCell(0, 0, 0)
data.setCell(0, 1, 'verifyWhetherTheUserCanAddNewTaxRate')
data.setCell(0, 2, 'com.obsquara.scripts.TaxRatePageTest')
data.setCell(0, 3, 0);
data.setCell(1, 0, 1)
data.setCell(1, 1, 'verifyNotificationmessageShowingUponClickingBellButton')
data.setCell(1, 2, 'com.obsquara.scripts.HomepageTest')
data.setCell(1, 3, 0);
data.setCell(2, 0, 2)
data.setCell(2, 1, 'verifyTheUserCanSorttheRolesTable')
data.setCell(2, 2, 'com.obsquara.scripts.RolesPageTest')
data.setCell(2, 3, 0);
data.setCell(3, 0, 3)
data.setCell(3, 1, 'verifyUserIsNotAbleToLoginWitInvalidPassword')
data.setCell(3, 2, 'com.obsquara.scripts.LoginPageTest')
data.setCell(3, 3, 0);
data.setCell(4, 0, 4)
data.setCell(4, 1, 'verifyUserCanUpdatePassword')
data.setCell(4, 2, 'com.obsquara.scripts.ProfilepageTest')
data.setCell(4, 3, 0);
data.setCell(5, 0, 5)
data.setCell(5, 1, 'VerifyUserCanChooseLanguageFromrowpDownList')
data.setCell(5, 2, 'com.obsquara.scripts.ProfilepageTest')
data.setCell(5, 3, 0);
data.setCell(6, 0, 6)
data.setCell(6, 1, 'verifyUserisAbleToLoginWitvalidloginfunction')
data.setCell(6, 2, 'com.obsquara.scripts.LoginPageTest')
data.setCell(6, 3, 0);
data.setCell(7, 0, 7)
data.setCell(7, 1, 'verifyClickingonDeactiveselectiveButtonShowsWarningMessageAlert')
data.setCell(7, 2, 'com.obsquara.scripts.ProductPageTest')
data.setCell(7, 3, 0);
data.setCell(8, 0, 8)
data.setCell(8, 1, 'verifyWelcomeMessageShowingAsExpected')
data.setCell(8, 2, 'com.obsquara.scripts.HomepageTest')
data.setCell(8, 3, 0);
data.setCell(9, 0, 9)
data.setCell(9, 1, 'verifyhomepagetitle')
data.setCell(9, 2, 'com.obsquara.scripts.HomepageTest')
data.setCell(9, 3, 0);
data.setCell(10, 0, 10)
data.setCell(10, 1, 'verifyUserIsNotAbleToLoginWitInvalidloginfunction')
data.setCell(10, 2, 'com.obsquara.scripts.LoginPageTest')
data.setCell(10, 3, 0);
data.setCell(11, 0, 11)
data.setCell(11, 1, 'verifyUserIsAbleToChooseRememberMeOption')
data.setCell(11, 2, 'com.obsquara.scripts.LoginPageTest')
data.setCell(11, 3, 0);
data.setCell(12, 0, 12)
data.setCell(12, 1, 'verifyUserIsNotAbleToLoginWitInvalidUsername')
data.setCell(12, 2, 'com.obsquara.scripts.LoginPageTest')
data.setCell(12, 3, 0);
data.setCell(13, 0, 13)
data.setCell(13, 1, 'verifySelectAllProductselectsallInProductPage')
data.setCell(13, 2, 'com.obsquara.scripts.ProductPageTest')
data.setCell(13, 3, 0);
data.setCell(14, 0, 14)
data.setCell(14, 1, 'verifyCustomerEntryIsAbleToCopyToClipboard')
data.setCell(14, 2, 'com.obsquara.scripts.CustomerpageTest')
data.setCell(14, 3, 0);
data.setCell(15, 0, 15)
data.setCell(15, 1, 'IsProfilePageLoadedSuccesfully')
data.setCell(15, 2, 'com.obsquara.scripts.ProfilepageTest')
data.setCell(15, 3, 0);
data.setCell(16, 0, 16)
data.setCell(16, 1, 'verifyCalcutatorShowingWhileClickingOnCalculatorIcon')
data.setCell(16, 2, 'com.obsquara.scripts.HomepageTest')
data.setCell(16, 3, 0);
data.setCell(17, 0, 17)
data.setCell(17, 1, 'verifyDropDownlistisDisplayingUponClickingOndropdownarrow')
data.setCell(17, 2, 'com.obsquara.scripts.ProductPageTest')
data.setCell(17, 3, 0);
data.setCell(18, 0, 18)
data.setCell(18, 1, 'checkHomePageloaded')
data.setCell(18, 2, 'com.obsquara.scripts.HomepageTest')
data.setCell(18, 3, 0);
data.setCell(19, 0, 19)
data.setCell(19, 1, 'verifyUserManagementDropDownIsWorking')
data.setCell(19, 2, 'com.obsquara.scripts.HomepageTest')
data.setCell(19, 3, 0);
data.setCell(20, 0, 20)
data.setCell(20, 1, 'verifyUserCanEditProfile')
data.setCell(20, 2, 'com.obsquara.scripts.ProfilepageTest')
data.setCell(20, 3, 0);
data.setCell(21, 0, 21)
data.setCell(21, 1, 'verifyTodaysProfitMessageDisplayingWhileClickingOnTodaysProfitIcon')
data.setCell(21, 2, 'com.obsquara.scripts.HomepageTest')
data.setCell(21, 3, 0);
data.setCell(22, 0, 22)
data.setCell(22, 1, 'checkSignOut')
data.setCell(22, 2, 'com.obsquara.scripts.LoginPageTest')
data.setCell(22, 3, 0);
data.setCell(23, 0, 23)
data.setCell(23, 1, 'verifyUserCanAddNewBrand')
data.setCell(23, 2, 'com.obsquara.scripts.BrandpageTest')
data.setCell(23, 3, 0);
window.suiteTableData['Command_line_suite']= { tableData: data, tableDiv: 'times-div-Command_line_suite'}
return data;
}
              </script>
              <span class="suite-total-time">Total running time: 0 ms</span>
              <div id="times-div-Command_line_suite">
              </div> <!-- times-div-Command_line_suite -->
            </div> <!-- times-div -->
          </div> <!-- main-panel-content rounded-window-bottom -->
        </div> <!-- panel -->
        <div panel-name="reporter-Command_line_suite" class="panel">
          <div class="main-panel-header rounded-window-top">
            <span class="header-content">Reporter output for Command line suite</span>
          </div> <!-- main-panel-header rounded-window-top -->
          <div class="main-panel-content rounded-window-bottom">
          </div> <!-- main-panel-content rounded-window-bottom -->
        </div> <!-- panel -->
        <div panel-name="ignored-methods-Command_line_suite" class="panel">
          <div class="main-panel-header rounded-window-top">
            <span class="header-content">0 ignored methods</span>
          </div> <!-- main-panel-header rounded-window-top -->
          <div class="main-panel-content rounded-window-bottom">
          </div> <!-- main-panel-content rounded-window-bottom -->
        </div> <!-- panel -->
        <div panel-name="chronological-Command_line_suite" class="panel">
          <div class="main-panel-header rounded-window-top">
            <span class="header-content">Methods in chronological order</span>
          </div> <!-- main-panel-header rounded-window-top -->
          <div class="main-panel-content rounded-window-bottom">
            <div class="chronological-class">
              <div class="chronological-class-name">com.obsquara.scripts.RolesPageTest</div> <!-- chronological-class-name -->
              <div class="test-method">
                <span class="method-name">verifyTheUserCanSorttheRolesTable</span>
                <span class="method-start">0 ms</span>
              </div> <!-- test-method -->
            </div> <!-- chronological-class -->
            <div class="chronological-class">
              <div class="chronological-class-name">com.obsquara.scripts.BrandpageTest</div> <!-- chronological-class-name -->
              <div class="test-method">
                <span class="method-name">verifyUserCanAddNewBrand</span>
                <span class="method-start">34 ms</span>
              </div> <!-- test-method -->
            </div> <!-- chronological-class -->
            <div class="chronological-class">
              <div class="chronological-class-name">com.obsquara.scripts.CustomerpageTest</div> <!-- chronological-class-name -->
              <div class="test-method">
                <span class="method-name">verifyCustomerEntryIsAbleToCopyToClipboard</span>
                <span class="method-start">40 ms</span>
              </div> <!-- test-method -->
            </div> <!-- chronological-class -->
            <div class="chronological-class">
              <div class="chronological-class-name">com.obsquara.scripts.HomepageTest</div> <!-- chronological-class-name -->
              <div class="test-method">
                <span class="method-name">checkHomePageloaded</span>
                <span class="method-start">44 ms</span>
              </div> <!-- test-method -->
              <div class="configuration-method before">
                <span class="method-name">launchbrowser</span>
                <span class="method-start">46 ms</span>
              </div> <!-- configuration-method before -->
              <div class="test-method">
                <span class="method-name">verifyCalcutatorShowingWhileClickingOnCalculatorIcon</span>
                <span class="method-start">46 ms</span>
              </div> <!-- test-method -->
              <div class="configuration-method before">
                <span class="method-name">launchbrowser</span>
                <span class="method-start">48 ms</span>
              </div> <!-- configuration-method before -->
              <div class="test-method">
                <span class="method-name">verifyNotificationmessageShowingUponClickingBellButton</span>
                <span class="method-start">48 ms</span>
              </div> <!-- test-method -->
              <div class="configuration-method before">
                <span class="method-name">launchbrowser</span>
                <span class="method-start">50 ms</span>
              </div> <!-- configuration-method before -->
              <div class="test-method">
                <span class="method-name">verifyTodaysProfitMessageDisplayingWhileClickingOnTodaysProfitIcon</span>
                <span class="method-start">50 ms</span>
              </div> <!-- test-method -->
              <div class="configuration-method before">
                <span class="method-name">launchbrowser</span>
                <span class="method-start">51 ms</span>
              </div> <!-- configuration-method before -->
              <div class="test-method">
                <span class="method-name">verifyUserManagementDropDownIsWorking</span>
                <span class="method-start">52 ms</span>
              </div> <!-- test-method -->
              <div class="configuration-method before">
                <span class="method-name">launchbrowser</span>
                <span class="method-start">53 ms</span>
              </div> <!-- configuration-method before -->
              <div class="test-method">
                <span class="method-name">verifyWelcomeMessageShowingAsExpected</span>
                <span class="method-start">53 ms</span>
              </div> <!-- test-method -->
            </div> <!-- chronological-class -->
            <div class="chronological-class">
              <div class="chronological-class-name">com.obsquara.scripts.TaxRatePageTest</div> <!-- chronological-class-name -->
              <div class="test-method">
                <span class="method-name">verifyWhetherTheUserCanAddNewTaxRate</span>
                <span class="method-start">57 ms</span>
              </div> <!-- test-method -->
            </div> <!-- chronological-class -->
            <div class="chronological-class">
              <div class="chronological-class-name">com.obsquara.scripts.HomepageTest</div> <!-- chronological-class-name -->
              <div class="configuration-method before">
                <span class="method-name">launchbrowser</span>
                <span class="method-start">59 ms</span>
              </div> <!-- configuration-method before -->
              <div class="test-method">
                <span class="method-name">verifyhomepagetitle</span>
                <span class="method-start">59 ms</span>
              </div> <!-- test-method -->
            </div> <!-- chronological-class -->
            <div class="chronological-class">
              <div class="chronological-class-name">com.obsquara.scripts.LoginPageTest</div> <!-- chronological-class-name -->
              <div class="test-method">
                <span class="method-name">verifyUserIsNotAbleToLoginWitInvalidloginfunction</span>
                <span class="method-start">1715 ms</span>
              </div> <!-- test-method -->
              <div class="configuration-method before">
                <span class="method-name">launchbrowser</span>
                <span class="method-start">2082 ms</span>
              </div> <!-- configuration-method before -->
              <div class="test-method">
                <span class="method-name">verifyUserIsNotAbleToLoginWitInvalidPassword</span>
                <span class="method-start">2083 ms</span>
              </div> <!-- test-method -->
              <div class="configuration-method before">
                <span class="method-name">launchbrowser</span>
                <span class="method-start">2280 ms</span>
              </div> <!-- configuration-method before -->
              <div class="test-method">
                <span class="method-name">verifyUserIsNotAbleToLoginWitInvalidUsername</span>
                <span class="method-start">2281 ms</span>
              </div> <!-- test-method -->
              <div class="configuration-method before">
                <span class="method-name">launchbrowser</span>
                <span class="method-start">2282 ms</span>
              </div> <!-- configuration-method before -->
              <div class="test-method">
                <span class="method-name">verifyUserisAbleToLoginWitvalidloginfunction</span>
                <span class="method-start">2282 ms</span>
              </div> <!-- test-method -->
              <div class="configuration-method before">
                <span class="method-name">launchbrowser</span>
                <span class="method-start">2283 ms</span>
              </div> <!-- configuration-method before -->
              <div class="test-method">
                <span class="method-name">checkSignOut</span>
                <span class="method-start">2283 ms</span>
              </div> <!-- test-method -->
              <div class="configuration-method before">
                <span class="method-name">launchbrowser</span>
                <span class="method-start">2284 ms</span>
              </div> <!-- configuration-method before -->
              <div class="test-method">
                <span class="method-name">verifyUserIsAbleToChooseRememberMeOption</span>
                <span class="method-start">2285 ms</span>
              </div> <!-- test-method -->
            </div> <!-- chronological-class -->
            <div class="chronological-class">
              <div class="chronological-class-name">com.obsquara.scripts.ProductPageTest</div> <!-- chronological-class-name -->
              <div class="test-method">
                <span class="method-name">verifyClickingonDeactiveselectiveButtonShowsWarningMessageAlert</span>
                <span class="method-start">2287 ms</span>
              </div> <!-- test-method -->
              <div class="configuration-method before">
                <span class="method-name">launchbrowser</span>
                <span class="method-start">2289 ms</span>
              </div> <!-- configuration-method before -->
              <div class="test-method">
                <span class="method-name">verifyDropDownlistisDisplayingUponClickingOndropdownarrow</span>
                <span class="method-start">2289 ms</span>
              </div> <!-- test-method -->
              <div class="configuration-method before">
                <span class="method-name">launchbrowser</span>
                <span class="method-start">2290 ms</span>
              </div> <!-- configuration-method before -->
              <div class="test-method">
                <span class="method-name">verifySelectAllProductselectsallInProductPage</span>
                <span class="method-start">2290 ms</span>
              </div> <!-- test-method -->
            </div> <!-- chronological-class -->
            <div class="chronological-class">
              <div class="chronological-class-name">com.obsquara.scripts.ProfilepageTest</div> <!-- chronological-class-name -->
              <div class="test-method">
                <span class="method-name">IsProfilePageLoadedSuccesfully</span>
                <span class="method-start">2293 ms</span>
              </div> <!-- test-method -->
              <div class="configuration-method before">
                <span class="method-name">launchbrowser</span>
                <span class="method-start">2294 ms</span>
              </div> <!-- configuration-method before -->
              <div class="test-method">
                <span class="method-name">VerifyUserCanChooseLanguageFromrowpDownList</span>
                <span class="method-start">2295 ms</span>
              </div> <!-- test-method -->
              <div class="configuration-method before">
                <span class="method-name">launchbrowser</span>
                <span class="method-start">2296 ms</span>
              </div> <!-- configuration-method before -->
              <div class="test-method">
                <span class="method-name">verifyUserCanEditProfile</span>
                <span class="method-start">2296 ms</span>
              </div> <!-- test-method -->
              <div class="configuration-method before">
                <span class="method-name">launchbrowser</span>
                <span class="method-start">2297 ms</span>
              </div> <!-- configuration-method before -->
              <div class="test-method">
                <span class="method-name">verifyUserCanUpdatePassword</span>
                <span class="method-start">2297 ms</span>
              </div> <!-- test-method -->
          </div> <!-- main-panel-content rounded-window-bottom -->
        </div> <!-- panel -->
      </div> <!-- main-panel-root -->
    </div> <!-- wrapper -->
  </body>
</html>
