<?xml version="1.0" encoding="UTF-8"?>
<testng-results retried="2" ignored="0" total="31" passed="29" failed="0" skipped="0">
  <reporter-output>
  </reporter-output>
  <suite started-at="2023-04-09T14:46:30 CST" name="Suite" finished-at="2023-04-09T14:57:13 CST" duration-ms="643030">
    <groups>
      <group name="Sanity">
        <method signature="BrandpageTest.verifyUserCanAddNewBrand(java.lang.String, java.lang.String)[pri:0, instance:com.obsquara.scripts.BrandpageTest@4efc180e]" name="verifyUserCanAddNewBrand" class="com.obsquara.scripts.BrandpageTest"/>
        <method signature="LoginPageTest.checkSignOut()[pri:5, instance:com.obsquara.scripts.LoginPageTest@5562c41e]" name="checkSignOut" class="com.obsquara.scripts.LoginPageTest"/>
        <method signature="LoginPageTest.verifyUserisAbleToLoginWitvalidloginfunction(java.lang.String, java.lang.String)[pri:4, instance:com.obsquara.scripts.LoginPageTest@5562c41e]" name="verifyUserisAbleToLoginWitvalidloginfunction" class="com.obsquara.scripts.LoginPageTest"/>
        <method signature="TaxRatePageTest.verifyWhetherTheUserCanAddNewTaxRate()[pri:0, instance:com.obsquara.scripts.TaxRatePageTest@53fdffa1]" name="verifyWhetherTheUserCanAddNewTaxRate" class="com.obsquara.scripts.TaxRatePageTest"/>
      </group> <!-- Sanity -->
      <group name="Regression">
        <method signature="BarCodePageTest.verifyUserCanAddNewBarCodeToProducts()[pri:1, instance:com.obsquara.scripts.BarCodePageTest@383bfa16]" name="verifyUserCanAddNewBarCodeToProducts" class="com.obsquara.scripts.BarCodePageTest"/>
        <method signature="BarCodePageTest.verifyUserCanDeleteBarCodeS()[pri:2, instance:com.obsquara.scripts.BarCodePageTest@383bfa16]" name="verifyUserCanDeleteBarCodeS" class="com.obsquara.scripts.BarCodePageTest"/>
        <method signature="BrandpageTest.verifyUserCanAddNewBrand(java.lang.String, java.lang.String)[pri:0, instance:com.obsquara.scripts.BrandpageTest@4efc180e]" name="verifyUserCanAddNewBrand" class="com.obsquara.scripts.BrandpageTest"/>
        <method signature="BusinessSettingsPageTest.verifyUserCanUpdateBusinessSettings()[pri:0, instance:com.obsquara.scripts.BusinessSettingsPageTest@7133da86]" name="verifyUserCanUpdateBusinessSettings" class="com.obsquara.scripts.BusinessSettingsPageTest"/>
        <method signature="CustomerpageTest.verifyUserCanAddNewContact()[pri:1, instance:com.obsquara.scripts.CustomerpageTest@4d0f2471]" name="verifyUserCanAddNewContact" class="com.obsquara.scripts.CustomerpageTest"/>
        <method signature="CustomerpageTest.verifyUserCanDeletNewlyAddedCustomerData()[pri:2, instance:com.obsquara.scripts.CustomerpageTest@4d0f2471]" name="verifyUserCanDeletNewlyAddedCustomerData" class="com.obsquara.scripts.CustomerpageTest"/>
        <method signature="Expensepagetest.verifyUserCanAddExpenseCategory()[pri:2, instance:com.obsquara.scripts.Expensepagetest@4d465b11]" name="verifyUserCanAddExpenseCategory" class="com.obsquara.scripts.Expensepagetest"/>
        <method signature="Expensepagetest.verifyUserCanAddNewExpense()[pri:1, instance:com.obsquara.scripts.Expensepagetest@4d465b11]" name="verifyUserCanAddNewExpense" class="com.obsquara.scripts.Expensepagetest"/>
        <method signature="HomepageTest.checkHomePageloaded()[pri:0, instance:com.obsquara.scripts.HomepageTest@3bf9ce3e]" name="checkHomePageloaded" class="com.obsquara.scripts.HomepageTest"/>
        <method signature="HomepageTest.verifyCalcutatorShowingWhileClickingOnCalculatorIcon()[pri:0, instance:com.obsquara.scripts.HomepageTest@3bf9ce3e]" name="verifyCalcutatorShowingWhileClickingOnCalculatorIcon" class="com.obsquara.scripts.HomepageTest"/>
        <method signature="HomepageTest.verifyNotificationmessageShowingUponClickingBellButton()[pri:0, instance:com.obsquara.scripts.HomepageTest@3bf9ce3e]" name="verifyNotificationmessageShowingUponClickingBellButton" class="com.obsquara.scripts.HomepageTest"/>
        <method signature="HomepageTest.verifyWelcomeMessageShowingAsExpected()[pri:0, instance:com.obsquara.scripts.HomepageTest@3bf9ce3e]" name="verifyWelcomeMessageShowingAsExpected" class="com.obsquara.scripts.HomepageTest"/>
        <method signature="InvoiceSettingsPageTest.verifyUserCanAddNewInvoiceSettings()[pri:0, instance:com.obsquara.scripts.InvoiceSettingsPageTest@16610890]" name="verifyUserCanAddNewInvoiceSettings" class="com.obsquara.scripts.InvoiceSettingsPageTest"/>
        <method signature="ProductPageTest.verifyWhethertheUserCaNAddNewProduct(java.lang.String, java.lang.String, java.lang.String, java.lang.String, java.lang.String, java.lang.String)[pri:0, instance:com.obsquara.scripts.ProductPageTest@bd4dc25]" name="verifyWhethertheUserCaNAddNewProduct" class="com.obsquara.scripts.ProductPageTest"/>
        <method signature="ProfilepageTest.IsProfilePageLoadedSuccesfully()[pri:0, instance:com.obsquara.scripts.ProfilepageTest@71def8f8]" name="IsProfilePageLoadedSuccesfully" class="com.obsquara.scripts.ProfilepageTest"/>
        <method signature="ProfilepageTest.verifyUserCanEditProfile()[pri:0, instance:com.obsquara.scripts.ProfilepageTest@71def8f8]" name="verifyUserCanEditProfile" class="com.obsquara.scripts.ProfilepageTest"/>
        <method signature="RolesPageTest.verifyTheUserCanAddNewRole()[pri:1, instance:com.obsquara.scripts.RolesPageTest@5fbdfdcf]" name="verifyTheUserCanAddNewRole" class="com.obsquara.scripts.RolesPageTest"/>
        <method signature="RolesPageTest.verifyTheUserCanDeleteRole()[pri:2, instance:com.obsquara.scripts.RolesPageTest@5fbdfdcf]" name="verifyTheUserCanDeleteRole" class="com.obsquara.scripts.RolesPageTest"/>
        <method signature="StockAdjustmentPageTest.whetherUserCanAddNewStockAdjustment()[pri:0, instance:com.obsquara.scripts.StockAdjustmentPageTest@156b88f5]" name="whetherUserCanAddNewStockAdjustment" class="com.obsquara.scripts.StockAdjustmentPageTest"/>
        <method signature="Unitspagetest.verifyUsesrCanAddNewUnit()[pri:0, instance:com.obsquara.scripts.Unitspagetest@32ee6fee]" name="verifyUsesrCanAddNewUnit" class="com.obsquara.scripts.Unitspagetest"/>
        <method signature="Userpagetest.verifyWhetehraUserCanSuccessfullyDelete()[pri:3, instance:com.obsquara.scripts.Userpagetest@25084a1e]" name="verifyWhetehraUserCanSuccessfullyDelete" class="com.obsquara.scripts.Userpagetest"/>
        <method signature="Userpagetest.verifyWhetehraUserCanviewalreadyRegisterdUserDetails()[pri:2, instance:com.obsquara.scripts.Userpagetest@25084a1e]" name="verifyWhetehraUserCanviewalreadyRegisterdUserDetails" class="com.obsquara.scripts.Userpagetest"/>
        <method signature="Userpagetest.verifyWhetherNewUserCanSuccessfullyAdded(java.lang.String, java.lang.String, java.lang.String, java.lang.String, java.lang.String, java.lang.String)[pri:1, instance:com.obsquara.scripts.Userpagetest@25084a1e]" name="verifyWhetherNewUserCanSuccessfullyAdded" class="com.obsquara.scripts.Userpagetest"/>
      </group> <!-- Regression -->
      <group name="Smoke">
        <method signature="LoginPageTest.checkSignOut()[pri:5, instance:com.obsquara.scripts.LoginPageTest@5562c41e]" name="checkSignOut" class="com.obsquara.scripts.LoginPageTest"/>
        <method signature="LoginPageTest.verifyUserIsNotAbleToLoginWitInvalidPassword(java.lang.String, java.lang.String)[pri:2, instance:com.obsquara.scripts.LoginPageTest@5562c41e]" name="verifyUserIsNotAbleToLoginWitInvalidPassword" class="com.obsquara.scripts.LoginPageTest"/>
        <method signature="LoginPageTest.verifyUserIsNotAbleToLoginWitInvalidUsername(java.lang.String, java.lang.String)[pri:3, instance:com.obsquara.scripts.LoginPageTest@5562c41e]" name="verifyUserIsNotAbleToLoginWitInvalidUsername" class="com.obsquara.scripts.LoginPageTest"/>
        <method signature="LoginPageTest.verifyUserIsNotAbleToLoginWitInvalidloginfunction(java.lang.String, java.lang.String)[pri:1, instance:com.obsquara.scripts.LoginPageTest@5562c41e]" name="verifyUserIsNotAbleToLoginWitInvalidloginfunction" class="com.obsquara.scripts.LoginPageTest"/>
        <method signature="LoginPageTest.verifyUserisAbleToLoginWitvalidloginfunction(java.lang.String, java.lang.String)[pri:4, instance:com.obsquara.scripts.LoginPageTest@5562c41e]" name="verifyUserisAbleToLoginWitvalidloginfunction" class="com.obsquara.scripts.LoginPageTest"/>
      </group> <!-- Smoke -->
    </groups>
    <test started-at="2023-04-09T14:46:30 CST" name="Test" finished-at="2023-04-09T14:57:13 CST" duration-ms="643030">
      <class name="com.obsquara.scripts.TaxRatePageTest">
        <test-method is-config="true" signature="launchbrowser(java.lang.String)[pri:0, instance:com.obsquara.scripts.TaxRatePageTest@53fdffa1]" started-at="2023-04-09T14:54:12 CST" name="launchbrowser" finished-at="2023-04-09T14:54:23 CST" duration-ms="10384" status="PASS">
          <params>
            <param index="0">
              <value>
                <![CDATA[Chrome]]>
              </value>
            </param>
          </params>
          <reporter-output>
          </reporter-output>
        </test-method> <!-- launchbrowser -->
        <test-method signature="verifyWhetherTheUserCanAddNewTaxRate()[pri:0, instance:com.obsquara.scripts.TaxRatePageTest@53fdffa1]" started-at="2023-04-09T14:54:23 CST" name="verifyWhetherTheUserCanAddNewTaxRate" finished-at="2023-04-09T14:54:35 CST" duration-ms="12326" status="PASS">
          <reporter-output>
          </reporter-output>
        </test-method> <!-- verifyWhetherTheUserCanAddNewTaxRate -->
        <test-method is-config="true" signature="closeBrowser(org.testng.ITestResult)[pri:0, instance:com.obsquara.scripts.TaxRatePageTest@53fdffa1]" started-at="2023-04-09T14:54:35 CST" name="closeBrowser" finished-at="2023-04-09T14:54:39 CST" duration-ms="4076" status="PASS">
          <params>
            <param index="0">
              <value>
                <![CDATA[[TestResult name=verifyWhetherTheUserCanAddNewTaxRate status=SUCCESS method=TaxRatePageTest.verifyWhetherTheUserCanAddNewTaxRate()[pri:0, instance:com.obsquara.scripts.TaxRatePageTest@53fdffa1] output={null}]]]>
              </value>
            </param>
          </params>
          <reporter-output>
          </reporter-output>
        </test-method> <!-- closeBrowser -->
      </class> <!-- com.obsquara.scripts.TaxRatePageTest -->
      <class name="com.obsquara.scripts.InvoiceSettingsPageTest">
        <test-method is-config="true" signature="launchbrowser(java.lang.String)[pri:0, instance:com.obsquara.scripts.InvoiceSettingsPageTest@16610890]" started-at="2023-04-09T14:51:48 CST" name="launchbrowser" finished-at="2023-04-09T14:51:57 CST" duration-ms="9141" status="PASS">
          <params>
            <param index="0">
              <value>
                <![CDATA[Chrome]]>
              </value>
            </param>
          </params>
          <reporter-output>
          </reporter-output>
        </test-method> <!-- launchbrowser -->
        <test-method signature="verifyUserCanAddNewInvoiceSettings()[pri:0, instance:com.obsquara.scripts.InvoiceSettingsPageTest@16610890]" started-at="2023-04-09T14:51:57 CST" name="verifyUserCanAddNewInvoiceSettings" finished-at="2023-04-09T14:52:06 CST" duration-ms="9286" status="PASS">
          <reporter-output>
          </reporter-output>
        </test-method> <!-- verifyUserCanAddNewInvoiceSettings -->
        <test-method is-config="true" signature="closeBrowser(org.testng.ITestResult)[pri:0, instance:com.obsquara.scripts.InvoiceSettingsPageTest@16610890]" started-at="2023-04-09T14:52:06 CST" name="closeBrowser" finished-at="2023-04-09T14:52:06 CST" duration-ms="84" status="PASS">
          <params>
            <param index="0">
              <value>
                <![CDATA[[TestResult name=verifyUserCanAddNewInvoiceSettings status=SUCCESS method=InvoiceSettingsPageTest.verifyUserCanAddNewInvoiceSettings()[pri:0, instance:com.obsquara.scripts.InvoiceSettingsPageTest@16610890] output={null}]]]>
              </value>
            </param>
          </params>
          <reporter-output>
          </reporter-output>
        </test-method> <!-- closeBrowser -->
      </class> <!-- com.obsquara.scripts.InvoiceSettingsPageTest -->
      <class name="com.obsquara.scripts.ProfilepageTest">
        <test-method is-config="true" signature="launchbrowser(java.lang.String)[pri:0, instance:com.obsquara.scripts.ProfilepageTest@71def8f8]" started-at="2023-04-09T14:52:06 CST" name="launchbrowser" finished-at="2023-04-09T14:52:16 CST" duration-ms="9717" status="PASS">
          <params>
            <param index="0">
              <value>
                <![CDATA[Chrome]]>
              </value>
            </param>
          </params>
          <reporter-output>
          </reporter-output>
        </test-method> <!-- launchbrowser -->
        <test-method signature="IsProfilePageLoadedSuccesfully()[pri:0, instance:com.obsquara.scripts.ProfilepageTest@71def8f8]" started-at="2023-04-09T14:52:16 CST" name="IsProfilePageLoadedSuccesfully" finished-at="2023-04-09T14:52:25 CST" duration-ms="8740" status="PASS">
          <reporter-output>
          </reporter-output>
        </test-method> <!-- IsProfilePageLoadedSuccesfully -->
        <test-method is-config="true" signature="closeBrowser(org.testng.ITestResult)[pri:0, instance:com.obsquara.scripts.ProfilepageTest@71def8f8]" started-at="2023-04-09T14:52:25 CST" name="closeBrowser" finished-at="2023-04-09T14:52:25 CST" duration-ms="74" status="PASS">
          <params>
            <param index="0">
              <value>
                <![CDATA[[TestResult name=IsProfilePageLoadedSuccesfully status=SUCCESS method=ProfilepageTest.IsProfilePageLoadedSuccesfully()[pri:0, instance:com.obsquara.scripts.ProfilepageTest@71def8f8] output={null}]]]>
              </value>
            </param>
          </params>
          <reporter-output>
          </reporter-output>
        </test-method> <!-- closeBrowser -->
        <test-method is-config="true" signature="launchbrowser(java.lang.String)[pri:0, instance:com.obsquara.scripts.ProfilepageTest@71def8f8]" started-at="2023-04-09T14:52:25 CST" name="launchbrowser" finished-at="2023-04-09T14:52:34 CST" duration-ms="9556" status="PASS">
          <params>
            <param index="0">
              <value>
                <![CDATA[Chrome]]>
              </value>
            </param>
          </params>
          <reporter-output>
          </reporter-output>
        </test-method> <!-- launchbrowser -->
        <test-method signature="verifyUserCanEditProfile()[pri:0, instance:com.obsquara.scripts.ProfilepageTest@71def8f8]" started-at="2023-04-09T14:52:34 CST" name="verifyUserCanEditProfile" finished-at="2023-04-09T14:52:46 CST" duration-ms="11931" status="PASS">
          <reporter-output>
          </reporter-output>
        </test-method> <!-- verifyUserCanEditProfile -->
        <test-method is-config="true" signature="closeBrowser(org.testng.ITestResult)[pri:0, instance:com.obsquara.scripts.ProfilepageTest@71def8f8]" started-at="2023-04-09T14:52:46 CST" name="closeBrowser" finished-at="2023-04-09T14:52:46 CST" duration-ms="78" status="PASS">
          <params>
            <param index="0">
              <value>
                <![CDATA[[TestResult name=verifyUserCanEditProfile status=SUCCESS method=ProfilepageTest.verifyUserCanEditProfile()[pri:0, instance:com.obsquara.scripts.ProfilepageTest@71def8f8] output={null}]]]>
              </value>
            </param>
          </params>
          <reporter-output>
          </reporter-output>
        </test-method> <!-- closeBrowser -->
      </class> <!-- com.obsquara.scripts.ProfilepageTest -->
      <class name="com.obsquara.scripts.StockAdjustmentPageTest">
        <test-method is-config="true" signature="launchbrowser(java.lang.String)[pri:0, instance:com.obsquara.scripts.StockAdjustmentPageTest@156b88f5]" started-at="2023-04-09T14:49:34 CST" name="launchbrowser" finished-at="2023-04-09T14:49:43 CST" duration-ms="8846" status="PASS">
          <params>
            <param index="0">
              <value>
                <![CDATA[Chrome]]>
              </value>
            </param>
          </params>
          <reporter-output>
          </reporter-output>
        </test-method> <!-- launchbrowser -->
        <test-method signature="whetherUserCanAddNewStockAdjustment()[pri:0, instance:com.obsquara.scripts.StockAdjustmentPageTest@156b88f5]" started-at="2023-04-09T14:49:43 CST" name="whetherUserCanAddNewStockAdjustment" finished-at="2023-04-09T14:49:54 CST" duration-ms="11165" status="PASS">
          <reporter-output>
          </reporter-output>
        </test-method> <!-- whetherUserCanAddNewStockAdjustment -->
        <test-method is-config="true" signature="closeBrowser(org.testng.ITestResult)[pri:0, instance:com.obsquara.scripts.StockAdjustmentPageTest@156b88f5]" started-at="2023-04-09T14:49:54 CST" name="closeBrowser" finished-at="2023-04-09T14:49:54 CST" duration-ms="318" status="PASS">
          <params>
            <param index="0">
              <value>
                <![CDATA[[TestResult name=whetherUserCanAddNewStockAdjustment status=SUCCESS method=StockAdjustmentPageTest.whetherUserCanAddNewStockAdjustment()[pri:0, instance:com.obsquara.scripts.StockAdjustmentPageTest@156b88f5] output={null}]]]>
              </value>
            </param>
          </params>
          <reporter-output>
          </reporter-output>
        </test-method> <!-- closeBrowser -->
      </class> <!-- com.obsquara.scripts.StockAdjustmentPageTest -->
      <class name="com.obsquara.scripts.CustomerpageTest">
        <test-method is-config="true" signature="launchbrowser(java.lang.String)[pri:0, instance:com.obsquara.scripts.CustomerpageTest@4d0f2471]" started-at="2023-04-09T14:56:10 CST" name="launchbrowser" finished-at="2023-04-09T14:56:19 CST" duration-ms="9198" status="PASS">
          <params>
            <param index="0">
              <value>
                <![CDATA[Chrome]]>
              </value>
            </param>
          </params>
          <reporter-output>
          </reporter-output>
        </test-method> <!-- launchbrowser -->
        <test-method signature="verifyUserCanAddNewContact()[pri:1, instance:com.obsquara.scripts.CustomerpageTest@4d0f2471]" started-at="2023-04-09T14:56:19 CST" name="verifyUserCanAddNewContact" finished-at="2023-04-09T14:56:28 CST" duration-ms="8901" status="PASS">
          <reporter-output>
          </reporter-output>
        </test-method> <!-- verifyUserCanAddNewContact -->
        <test-method is-config="true" signature="closeBrowser(org.testng.ITestResult)[pri:0, instance:com.obsquara.scripts.CustomerpageTest@4d0f2471]" started-at="2023-04-09T14:56:28 CST" name="closeBrowser" finished-at="2023-04-09T14:56:28 CST" duration-ms="375" status="PASS">
          <params>
            <param index="0">
              <value>
                <![CDATA[[TestResult name=verifyUserCanAddNewContact status=SUCCESS method=CustomerpageTest.verifyUserCanAddNewContact()[pri:1, instance:com.obsquara.scripts.CustomerpageTest@4d0f2471] output={null}]]]>
              </value>
            </param>
          </params>
          <reporter-output>
          </reporter-output>
        </test-method> <!-- closeBrowser -->
        <test-method is-config="true" signature="launchbrowser(java.lang.String)[pri:0, instance:com.obsquara.scripts.CustomerpageTest@4d0f2471]" started-at="2023-04-09T14:56:28 CST" name="launchbrowser" finished-at="2023-04-09T14:56:38 CST" duration-ms="9454" status="PASS">
          <params>
            <param index="0">
              <value>
                <![CDATA[Chrome]]>
              </value>
            </param>
          </params>
          <reporter-output>
          </reporter-output>
        </test-method> <!-- launchbrowser -->
        <test-method signature="verifyUserCanDeletNewlyAddedCustomerData()[pri:2, instance:com.obsquara.scripts.CustomerpageTest@4d0f2471]" started-at="2023-04-09T14:56:38 CST" name="verifyUserCanDeletNewlyAddedCustomerData" finished-at="2023-04-09T14:56:48 CST" duration-ms="9630" status="PASS">
          <reporter-output>
          </reporter-output>
        </test-method> <!-- verifyUserCanDeletNewlyAddedCustomerData -->
        <test-method is-config="true" signature="closeBrowser(org.testng.ITestResult)[pri:0, instance:com.obsquara.scripts.CustomerpageTest@4d0f2471]" started-at="2023-04-09T14:56:48 CST" name="closeBrowser" finished-at="2023-04-09T14:56:48 CST" duration-ms="69" status="PASS">
          <params>
            <param index="0">
              <value>
                <![CDATA[[TestResult name=verifyUserCanDeletNewlyAddedCustomerData status=SUCCESS method=CustomerpageTest.verifyUserCanDeletNewlyAddedCustomerData()[pri:2, instance:com.obsquara.scripts.CustomerpageTest@4d0f2471] output={null}]]]>
              </value>
            </param>
          </params>
          <reporter-output>
          </reporter-output>
        </test-method> <!-- closeBrowser -->
      </class> <!-- com.obsquara.scripts.CustomerpageTest -->
      <class name="com.obsquara.scripts.BusinessSettingsPageTest">
        <test-method is-config="true" signature="launchbrowser(java.lang.String)[pri:0, instance:com.obsquara.scripts.BusinessSettingsPageTest@7133da86]" started-at="2023-04-09T14:56:48 CST" name="launchbrowser" finished-at="2023-04-09T14:56:58 CST" duration-ms="9946" status="PASS">
          <params>
            <param index="0">
              <value>
                <![CDATA[Chrome]]>
              </value>
            </param>
          </params>
          <reporter-output>
          </reporter-output>
        </test-method> <!-- launchbrowser -->
        <test-method signature="verifyUserCanUpdateBusinessSettings()[pri:0, instance:com.obsquara.scripts.BusinessSettingsPageTest@7133da86]" started-at="2023-04-09T14:56:58 CST" name="verifyUserCanUpdateBusinessSettings" finished-at="2023-04-09T14:57:13 CST" duration-ms="15574" status="PASS">
          <reporter-output>
          </reporter-output>
        </test-method> <!-- verifyUserCanUpdateBusinessSettings -->
        <test-method is-config="true" signature="closeBrowser(org.testng.ITestResult)[pri:0, instance:com.obsquara.scripts.BusinessSettingsPageTest@7133da86]" started-at="2023-04-09T14:57:13 CST" name="closeBrowser" finished-at="2023-04-09T14:57:13 CST" duration-ms="82" status="PASS">
          <params>
            <param index="0">
              <value>
                <![CDATA[[TestResult name=verifyUserCanUpdateBusinessSettings status=SUCCESS method=BusinessSettingsPageTest.verifyUserCanUpdateBusinessSettings()[pri:0, instance:com.obsquara.scripts.BusinessSettingsPageTest@7133da86] output={null}]]]>
              </value>
            </param>
          </params>
          <reporter-output>
          </reporter-output>
        </test-method> <!-- closeBrowser -->
      </class> <!-- com.obsquara.scripts.BusinessSettingsPageTest -->
      <class name="com.obsquara.scripts.ProductPageTest">
        <test-method is-config="true" signature="launchbrowser(java.lang.String)[pri:0, instance:com.obsquara.scripts.ProductPageTest@bd4dc25]" started-at="2023-04-09T14:47:42 CST" name="launchbrowser" finished-at="2023-04-09T14:47:52 CST" duration-ms="10228" status="PASS">
          <params>
            <param index="0">
              <value>
                <![CDATA[Chrome]]>
              </value>
            </param>
          </params>
          <reporter-output>
          </reporter-output>
        </test-method> <!-- launchbrowser -->
        <test-method signature="verifyWhethertheUserCaNAddNewProduct(java.lang.String, java.lang.String, java.lang.String, java.lang.String, java.lang.String, java.lang.String)[pri:0, instance:com.obsquara.scripts.ProductPageTest@bd4dc25]" started-at="2023-04-09T14:47:52 CST" name="verifyWhethertheUserCaNAddNewProduct" data-provider="newproductData" finished-at="2023-04-09T14:48:19 CST" duration-ms="27151" status="PASS">
          <params>
            <param index="0">
              <value>
                <![CDATA[watch]]>
              </value>
            </param>
            <param index="1">
              <value>
                <![CDATA[Box]]>
              </value>
            </param>
            <param index="2">
              <value>
                <![CDATA[EAN-8]]>
              </value>
            </param>
            <param index="3">
              <value>
                <![CDATA[3]]>
              </value>
            </param>
            <param index="4">
              <value>
                <![CDATA[50]]>
              </value>
            </param>
            <param index="5">
              <value>
                <![CDATA[60]]>
              </value>
            </param>
          </params>
          <reporter-output>
          </reporter-output>
        </test-method> <!-- verifyWhethertheUserCaNAddNewProduct -->
        <test-method is-config="true" signature="closeBrowser(org.testng.ITestResult)[pri:0, instance:com.obsquara.scripts.ProductPageTest@bd4dc25]" started-at="2023-04-09T14:48:19 CST" name="closeBrowser" finished-at="2023-04-09T14:48:23 CST" duration-ms="4081" status="PASS">
          <params>
            <param index="0">
              <value>
                <![CDATA[[TestResult name=verifyWhethertheUserCaNAddNewProduct status=SUCCESS method=ProductPageTest.verifyWhethertheUserCaNAddNewProduct(java.lang.String, java.lang.String, java.lang.String, java.lang.String, java.lang.String, java.lang.String)[pri:0, instance:com.obsquara.scripts.ProductPageTest@bd4dc25] output={null}]]]>
              </value>
            </param>
          </params>
          <reporter-output>
          </reporter-output>
        </test-method> <!-- closeBrowser -->
      </class> <!-- com.obsquara.scripts.ProductPageTest -->
      <class name="com.obsquara.scripts.HomepageTest">
        <test-method is-config="true" signature="launchbrowser(java.lang.String)[pri:0, instance:com.obsquara.scripts.HomepageTest@3bf9ce3e]" started-at="2023-04-09T14:49:54 CST" name="launchbrowser" finished-at="2023-04-09T14:50:05 CST" duration-ms="10638" status="PASS">
          <params>
            <param index="0">
              <value>
                <![CDATA[Chrome]]>
              </value>
            </param>
          </params>
          <reporter-output>
          </reporter-output>
        </test-method> <!-- launchbrowser -->
        <test-method signature="checkHomePageloaded()[pri:0, instance:com.obsquara.scripts.HomepageTest@3bf9ce3e]" started-at="2023-04-09T14:50:05 CST" name="checkHomePageloaded" finished-at="2023-04-09T14:50:09 CST" duration-ms="3974" status="PASS">
          <reporter-output>
          </reporter-output>
        </test-method> <!-- checkHomePageloaded -->
        <test-method is-config="true" signature="closeBrowser(org.testng.ITestResult)[pri:0, instance:com.obsquara.scripts.HomepageTest@3bf9ce3e]" started-at="2023-04-09T14:50:09 CST" name="closeBrowser" finished-at="2023-04-09T14:50:10 CST" duration-ms="728" status="PASS">
          <params>
            <param index="0">
              <value>
                <![CDATA[[TestResult name=checkHomePageloaded status=SUCCESS method=HomepageTest.checkHomePageloaded()[pri:0, instance:com.obsquara.scripts.HomepageTest@3bf9ce3e] output={null}]]]>
              </value>
            </param>
          </params>
          <reporter-output>
          </reporter-output>
        </test-method> <!-- closeBrowser -->
        <test-method is-config="true" signature="launchbrowser(java.lang.String)[pri:0, instance:com.obsquara.scripts.HomepageTest@3bf9ce3e]" started-at="2023-04-09T14:50:10 CST" name="launchbrowser" finished-at="2023-04-09T14:50:23 CST" duration-ms="13613" status="PASS">
          <params>
            <param index="0">
              <value>
                <![CDATA[Chrome]]>
              </value>
            </param>
          </params>
          <reporter-output>
          </reporter-output>
        </test-method> <!-- launchbrowser -->
        <test-method retried="true" signature="verifyCalcutatorShowingWhileClickingOnCalculatorIcon()[pri:0, instance:com.obsquara.scripts.HomepageTest@3bf9ce3e]" started-at="2023-04-09T14:50:23 CST" name="verifyCalcutatorShowingWhileClickingOnCalculatorIcon" finished-at="2023-04-09T14:50:29 CST" duration-ms="5819" status="SKIP">
          <exception class="java.lang.AssertionError">
            <message>
              <![CDATA[expected [true] but found [false]]]>
            </message>
            <full-stacktrace>
              <![CDATA[java.lang.AssertionError: expected [true] but found [false]
at org.testng.Assert.fail(Assert.java:97)
at org.testng.Assert.failNotEquals(Assert.java:969)
at org.testng.Assert.assertTrue(Assert.java:43)
at org.testng.Assert.assertTrue(Assert.java:53)
at com.obsquara.scripts.HomepageTest.verifyCalcutatorShowingWhileClickingOnCalculatorIcon(HomepageTest.java:52)
at java.base/jdk.internal.reflect.NativeMethodAccessorImpl.invoke0(Native Method)
at java.base/jdk.internal.reflect.NativeMethodAccessorImpl.invoke(NativeMethodAccessorImpl.java:62)
at java.base/jdk.internal.reflect.DelegatingMethodAccessorImpl.invoke(DelegatingMethodAccessorImpl.java:43)
at java.base/java.lang.reflect.Method.invoke(Method.java:566)
at org.testng.internal.MethodInvocationHelper.invokeMethod(MethodInvocationHelper.java:134)
at org.testng.internal.TestInvoker.invokeMethod(TestInvoker.java:597)
at org.testng.internal.TestInvoker.invokeTestMethod(TestInvoker.java:173)
at org.testng.internal.MethodRunner.runInSequence(MethodRunner.java:46)
at org.testng.internal.TestInvoker$MethodInvocationAgent.invoke(TestInvoker.java:816)
at org.testng.internal.TestInvoker.invokeTestMethods(TestInvoker.java:146)
at org.testng.internal.TestMethodWorker.invokeTestMethods(TestMethodWorker.java:146)
at org.testng.internal.TestMethodWorker.run(TestMethodWorker.java:128)
at java.base/java.util.ArrayList.forEach(ArrayList.java:1541)
at org.testng.TestRunner.privateRun(TestRunner.java:766)
at org.testng.TestRunner.run(TestRunner.java:587)
at org.testng.SuiteRunner.runTest(SuiteRunner.java:384)
at org.testng.SuiteRunner.runSequentially(SuiteRunner.java:378)
at org.testng.SuiteRunner.privateRun(SuiteRunner.java:337)
at org.testng.SuiteRunner.run(SuiteRunner.java:286)
at org.testng.SuiteRunnerWorker.runSuite(SuiteRunnerWorker.java:53)
at org.testng.SuiteRunnerWorker.run(SuiteRunnerWorker.java:96)
at org.testng.TestNG.runSuitesSequentially(TestNG.java:1187)
at org.testng.TestNG.runSuitesLocally(TestNG.java:1109)
at org.testng.TestNG.runSuites(TestNG.java:1039)
at org.testng.TestNG.run(TestNG.java:1007)
at org.testng.remote.AbstractRemoteTestNG.run(AbstractRemoteTestNG.java:115)
at org.testng.remote.RemoteTestNG.initAndRun(RemoteTestNG.java:251)
at org.testng.remote.RemoteTestNG.main(RemoteTestNG.java:77)
]]>
            </full-stacktrace>
          </exception> <!-- java.lang.AssertionError -->
          <reporter-output>
          </reporter-output>
        </test-method> <!-- verifyCalcutatorShowingWhileClickingOnCalculatorIcon -->
        <test-method is-config="true" signature="closeBrowser(org.testng.ITestResult)[pri:0, instance:com.obsquara.scripts.HomepageTest@3bf9ce3e]" started-at="2023-04-09T14:50:29 CST" name="closeBrowser" finished-at="2023-04-09T14:50:33 CST" duration-ms="4090" status="PASS">
          <params>
            <param index="0">
              <value>
                <![CDATA[[TestResult name=verifyCalcutatorShowingWhileClickingOnCalculatorIcon status=SKIP method=HomepageTest.verifyCalcutatorShowingWhileClickingOnCalculatorIcon()[pri:0, instance:com.obsquara.scripts.HomepageTest@3bf9ce3e] output={null}]]]>
              </value>
            </param>
          </params>
          <reporter-output>
          </reporter-output>
        </test-method> <!-- closeBrowser -->
        <test-method is-config="true" signature="launchbrowser(java.lang.String)[pri:0, instance:com.obsquara.scripts.HomepageTest@3bf9ce3e]" started-at="2023-04-09T14:50:33 CST" name="launchbrowser" finished-at="2023-04-09T14:50:43 CST" duration-ms="9836" status="PASS">
          <params>
            <param index="0">
              <value>
                <![CDATA[Chrome]]>
              </value>
            </param>
          </params>
          <reporter-output>
          </reporter-output>
        </test-method> <!-- launchbrowser -->
        <test-method retried="true" signature="verifyCalcutatorShowingWhileClickingOnCalculatorIcon()[pri:0, instance:com.obsquara.scripts.HomepageTest@3bf9ce3e]" started-at="2023-04-09T14:50:43 CST" name="verifyCalcutatorShowingWhileClickingOnCalculatorIcon" finished-at="2023-04-09T14:50:49 CST" duration-ms="6247" status="SKIP">
          <exception class="java.lang.AssertionError">
            <message>
              <![CDATA[expected [true] but found [false]]]>
            </message>
            <full-stacktrace>
              <![CDATA[java.lang.AssertionError: expected [true] but found [false]
at org.testng.Assert.fail(Assert.java:97)
at org.testng.Assert.failNotEquals(Assert.java:969)
at org.testng.Assert.assertTrue(Assert.java:43)
at org.testng.Assert.assertTrue(Assert.java:53)
at com.obsquara.scripts.HomepageTest.verifyCalcutatorShowingWhileClickingOnCalculatorIcon(HomepageTest.java:52)
at java.base/jdk.internal.reflect.NativeMethodAccessorImpl.invoke0(Native Method)
at java.base/jdk.internal.reflect.NativeMethodAccessorImpl.invoke(NativeMethodAccessorImpl.java:62)
at java.base/jdk.internal.reflect.DelegatingMethodAccessorImpl.invoke(DelegatingMethodAccessorImpl.java:43)
at java.base/java.lang.reflect.Method.invoke(Method.java:566)
at org.testng.internal.MethodInvocationHelper.invokeMethod(MethodInvocationHelper.java:134)
at org.testng.internal.TestInvoker.invokeMethod(TestInvoker.java:597)
at org.testng.internal.TestInvoker.retryFailed(TestInvoker.java:213)
at org.testng.internal.MethodRunner.runInSequence(MethodRunner.java:58)
at org.testng.internal.TestInvoker$MethodInvocationAgent.invoke(TestInvoker.java:816)
at org.testng.internal.TestInvoker.invokeTestMethods(TestInvoker.java:146)
at org.testng.internal.TestMethodWorker.invokeTestMethods(TestMethodWorker.java:146)
at org.testng.internal.TestMethodWorker.run(TestMethodWorker.java:128)
at java.base/java.util.ArrayList.forEach(ArrayList.java:1541)
at org.testng.TestRunner.privateRun(TestRunner.java:766)
at org.testng.TestRunner.run(TestRunner.java:587)
at org.testng.SuiteRunner.runTest(SuiteRunner.java:384)
at org.testng.SuiteRunner.runSequentially(SuiteRunner.java:378)
at org.testng.SuiteRunner.privateRun(SuiteRunner.java:337)
at org.testng.SuiteRunner.run(SuiteRunner.java:286)
at org.testng.SuiteRunnerWorker.runSuite(SuiteRunnerWorker.java:53)
at org.testng.SuiteRunnerWorker.run(SuiteRunnerWorker.java:96)
at org.testng.TestNG.runSuitesSequentially(TestNG.java:1187)
at org.testng.TestNG.runSuitesLocally(TestNG.java:1109)
at org.testng.TestNG.runSuites(TestNG.java:1039)
at org.testng.TestNG.run(TestNG.java:1007)
at org.testng.remote.AbstractRemoteTestNG.run(AbstractRemoteTestNG.java:115)
at org.testng.remote.RemoteTestNG.initAndRun(RemoteTestNG.java:251)
at org.testng.remote.RemoteTestNG.main(RemoteTestNG.java:77)
]]>
            </full-stacktrace>
          </exception> <!-- java.lang.AssertionError -->
          <reporter-output>
          </reporter-output>
        </test-method> <!-- verifyCalcutatorShowingWhileClickingOnCalculatorIcon -->
        <test-method is-config="true" signature="closeBrowser(org.testng.ITestResult)[pri:0, instance:com.obsquara.scripts.HomepageTest@3bf9ce3e]" started-at="2023-04-09T14:50:49 CST" name="closeBrowser" finished-at="2023-04-09T14:50:49 CST" duration-ms="54" status="PASS">
          <params>
            <param index="0">
              <value>
                <![CDATA[[TestResult name=verifyCalcutatorShowingWhileClickingOnCalculatorIcon status=SKIP method=HomepageTest.verifyCalcutatorShowingWhileClickingOnCalculatorIcon()[pri:0, instance:com.obsquara.scripts.HomepageTest@3bf9ce3e] output={null}]]]>
              </value>
            </param>
          </params>
          <reporter-output>
          </reporter-output>
        </test-method> <!-- closeBrowser -->
        <test-method is-config="true" signature="launchbrowser(java.lang.String)[pri:0, instance:com.obsquara.scripts.HomepageTest@3bf9ce3e]" started-at="2023-04-09T14:50:49 CST" name="launchbrowser" finished-at="2023-04-09T14:50:58 CST" duration-ms="9078" status="PASS">
          <params>
            <param index="0">
              <value>
                <![CDATA[Chrome]]>
              </value>
            </param>
          </params>
          <reporter-output>
          </reporter-output>
        </test-method> <!-- launchbrowser -->
        <test-method signature="verifyCalcutatorShowingWhileClickingOnCalculatorIcon()[pri:0, instance:com.obsquara.scripts.HomepageTest@3bf9ce3e]" started-at="2023-04-09T14:50:58 CST" name="verifyCalcutatorShowingWhileClickingOnCalculatorIcon" finished-at="2023-04-09T14:51:03 CST" duration-ms="4907" status="PASS">
          <reporter-output>
          </reporter-output>
        </test-method> <!-- verifyCalcutatorShowingWhileClickingOnCalculatorIcon -->
        <test-method is-config="true" signature="closeBrowser(org.testng.ITestResult)[pri:0, instance:com.obsquara.scripts.HomepageTest@3bf9ce3e]" started-at="2023-04-09T14:51:03 CST" name="closeBrowser" finished-at="2023-04-09T14:51:07 CST" duration-ms="4092" status="PASS">
          <params>
            <param index="0">
              <value>
                <![CDATA[[TestResult name=verifyCalcutatorShowingWhileClickingOnCalculatorIcon status=SUCCESS method=HomepageTest.verifyCalcutatorShowingWhileClickingOnCalculatorIcon()[pri:0, instance:com.obsquara.scripts.HomepageTest@3bf9ce3e] output={null}]]]>
              </value>
            </param>
          </params>
          <reporter-output>
          </reporter-output>
        </test-method> <!-- closeBrowser -->
        <test-method is-config="true" signature="launchbrowser(java.lang.String)[pri:0, instance:com.obsquara.scripts.HomepageTest@3bf9ce3e]" started-at="2023-04-09T14:51:07 CST" name="launchbrowser" finished-at="2023-04-09T14:51:20 CST" duration-ms="12912" status="PASS">
          <params>
            <param index="0">
              <value>
                <![CDATA[Chrome]]>
              </value>
            </param>
          </params>
          <reporter-output>
          </reporter-output>
        </test-method> <!-- launchbrowser -->
        <test-method signature="verifyNotificationmessageShowingUponClickingBellButton()[pri:0, instance:com.obsquara.scripts.HomepageTest@3bf9ce3e]" started-at="2023-04-09T14:51:20 CST" name="verifyNotificationmessageShowingUponClickingBellButton" finished-at="2023-04-09T14:51:28 CST" duration-ms="7464" status="PASS">
          <reporter-output>
          </reporter-output>
        </test-method> <!-- verifyNotificationmessageShowingUponClickingBellButton -->
        <test-method is-config="true" signature="closeBrowser(org.testng.ITestResult)[pri:0, instance:com.obsquara.scripts.HomepageTest@3bf9ce3e]" started-at="2023-04-09T14:51:28 CST" name="closeBrowser" finished-at="2023-04-09T14:51:28 CST" duration-ms="227" status="PASS">
          <params>
            <param index="0">
              <value>
                <![CDATA[[TestResult name=verifyNotificationmessageShowingUponClickingBellButton status=SUCCESS method=HomepageTest.verifyNotificationmessageShowingUponClickingBellButton()[pri:0, instance:com.obsquara.scripts.HomepageTest@3bf9ce3e] output={null}]]]>
              </value>
            </param>
          </params>
          <reporter-output>
          </reporter-output>
        </test-method> <!-- closeBrowser -->
        <test-method is-config="true" signature="launchbrowser(java.lang.String)[pri:0, instance:com.obsquara.scripts.HomepageTest@3bf9ce3e]" started-at="2023-04-09T14:51:28 CST" name="launchbrowser" finished-at="2023-04-09T14:51:38 CST" duration-ms="9555" status="PASS">
          <params>
            <param index="0">
              <value>
                <![CDATA[Chrome]]>
              </value>
            </param>
          </params>
          <reporter-output>
          </reporter-output>
        </test-method> <!-- launchbrowser -->
        <test-method signature="verifyWelcomeMessageShowingAsExpected()[pri:0, instance:com.obsquara.scripts.HomepageTest@3bf9ce3e]" started-at="2023-04-09T14:51:38 CST" name="verifyWelcomeMessageShowingAsExpected" finished-at="2023-04-09T14:51:44 CST" duration-ms="6044" status="PASS">
          <reporter-output>
          </reporter-output>
        </test-method> <!-- verifyWelcomeMessageShowingAsExpected -->
        <test-method is-config="true" signature="closeBrowser(org.testng.ITestResult)[pri:0, instance:com.obsquara.scripts.HomepageTest@3bf9ce3e]" started-at="2023-04-09T14:51:44 CST" name="closeBrowser" finished-at="2023-04-09T14:51:48 CST" duration-ms="4055" status="PASS">
          <params>
            <param index="0">
              <value>
                <![CDATA[[TestResult name=verifyWelcomeMessageShowingAsExpected status=SUCCESS method=HomepageTest.verifyWelcomeMessageShowingAsExpected()[pri:0, instance:com.obsquara.scripts.HomepageTest@3bf9ce3e] output={null}]]]>
              </value>
            </param>
          </params>
          <reporter-output>
          </reporter-output>
        </test-method> <!-- closeBrowser -->
      </class> <!-- com.obsquara.scripts.HomepageTest -->
      <class name="com.obsquara.scripts.BrandpageTest">
        <test-method is-config="true" signature="launchbrowser(java.lang.String)[pri:0, instance:com.obsquara.scripts.BrandpageTest@4efc180e]" started-at="2023-04-09T14:47:16 CST" name="launchbrowser" finished-at="2023-04-09T14:47:29 CST" duration-ms="13088" status="PASS">
          <params>
            <param index="0">
              <value>
                <![CDATA[Chrome]]>
              </value>
            </param>
          </params>
          <reporter-output>
          </reporter-output>
        </test-method> <!-- launchbrowser -->
        <test-method signature="verifyUserCanAddNewBrand(java.lang.String, java.lang.String)[pri:0, instance:com.obsquara.scripts.BrandpageTest@4efc180e]" started-at="2023-04-09T14:47:29 CST" name="verifyUserCanAddNewBrand" data-provider="BrandData" finished-at="2023-04-09T14:47:40 CST" duration-ms="10617" status="PASS">
          <params>
            <param index="0">
              <value>
                <![CDATA[Gap]]>
              </value>
            </param>
            <param index="1">
              <value>
                <![CDATA[International]]>
              </value>
            </param>
          </params>
          <reporter-output>
          </reporter-output>
        </test-method> <!-- verifyUserCanAddNewBrand -->
        <test-method is-config="true" signature="closeBrowser(org.testng.ITestResult)[pri:0, instance:com.obsquara.scripts.BrandpageTest@4efc180e]" started-at="2023-04-09T14:47:40 CST" name="closeBrowser" finished-at="2023-04-09T14:47:40 CST" duration-ms="221" status="PASS">
          <params>
            <param index="0">
              <value>
                <![CDATA[[TestResult name=verifyUserCanAddNewBrand status=SUCCESS method=BrandpageTest.verifyUserCanAddNewBrand(java.lang.String, java.lang.String)[pri:0, instance:com.obsquara.scripts.BrandpageTest@4efc180e] output={null}]]]>
              </value>
            </param>
          </params>
          <reporter-output>
          </reporter-output>
        </test-method> <!-- closeBrowser -->
      </class> <!-- com.obsquara.scripts.BrandpageTest -->
      <class name="com.obsquara.scripts.LoginPageTest">
        <test-method is-config="true" signature="launchbrowser(java.lang.String)[pri:0, instance:com.obsquara.scripts.LoginPageTest@5562c41e]" started-at="2023-04-09T14:54:39 CST" name="launchbrowser" finished-at="2023-04-09T14:54:50 CST" duration-ms="11165" status="PASS">
          <params>
            <param index="0">
              <value>
                <![CDATA[Chrome]]>
              </value>
            </param>
          </params>
          <reporter-output>
          </reporter-output>
        </test-method> <!-- launchbrowser -->
        <test-method signature="verifyUserIsNotAbleToLoginWitInvalidloginfunction(java.lang.String, java.lang.String)[pri:1, instance:com.obsquara.scripts.LoginPageTest@5562c41e]" started-at="2023-04-09T14:54:50 CST" name="verifyUserIsNotAbleToLoginWitInvalidloginfunction" data-provider="Credentials1" finished-at="2023-04-09T14:54:52 CST" duration-ms="1957" status="PASS">
          <params>
            <param index="0">
              <value>
                <![CDATA[adm]]>
              </value>
            </param>
            <param index="1">
              <value>
                <![CDATA[123]]>
              </value>
            </param>
          </params>
          <reporter-output>
          </reporter-output>
        </test-method> <!-- verifyUserIsNotAbleToLoginWitInvalidloginfunction -->
        <test-method is-config="true" signature="closeBrowser(org.testng.ITestResult)[pri:0, instance:com.obsquara.scripts.LoginPageTest@5562c41e]" started-at="2023-04-09T14:54:52 CST" name="closeBrowser" finished-at="2023-04-09T14:54:52 CST" duration-ms="75" status="PASS">
          <params>
            <param index="0">
              <value>
                <![CDATA[[TestResult name=verifyUserIsNotAbleToLoginWitInvalidloginfunction status=SUCCESS method=LoginPageTest.verifyUserIsNotAbleToLoginWitInvalidloginfunction(java.lang.String, java.lang.String)[pri:1, instance:com.obsquara.scripts.LoginPageTest@5562c41e] output={null}]]]>
              </value>
            </param>
          </params>
          <reporter-output>
          </reporter-output>
        </test-method> <!-- closeBrowser -->
        <test-method is-config="true" signature="launchbrowser(java.lang.String)[pri:0, instance:com.obsquara.scripts.LoginPageTest@5562c41e]" started-at="2023-04-09T14:54:53 CST" name="launchbrowser" finished-at="2023-04-09T14:55:02 CST" duration-ms="8859" status="PASS">
          <params>
            <param index="0">
              <value>
                <![CDATA[Chrome]]>
              </value>
            </param>
          </params>
          <reporter-output>
          </reporter-output>
        </test-method> <!-- launchbrowser -->
        <test-method signature="verifyUserIsNotAbleToLoginWitInvalidPassword(java.lang.String, java.lang.String)[pri:2, instance:com.obsquara.scripts.LoginPageTest@5562c41e]" started-at="2023-04-09T14:55:02 CST" name="verifyUserIsNotAbleToLoginWitInvalidPassword" data-provider="Credentials2" finished-at="2023-04-09T14:55:04 CST" duration-ms="1966" status="PASS">
          <params>
            <param index="0">
              <value>
                <![CDATA[admin]]>
              </value>
            </param>
            <param index="1">
              <value>
                <![CDATA[123]]>
              </value>
            </param>
          </params>
          <reporter-output>
          </reporter-output>
        </test-method> <!-- verifyUserIsNotAbleToLoginWitInvalidPassword -->
        <test-method is-config="true" signature="closeBrowser(org.testng.ITestResult)[pri:0, instance:com.obsquara.scripts.LoginPageTest@5562c41e]" started-at="2023-04-09T14:55:04 CST" name="closeBrowser" finished-at="2023-04-09T14:55:04 CST" duration-ms="74" status="PASS">
          <params>
            <param index="0">
              <value>
                <![CDATA[[TestResult name=verifyUserIsNotAbleToLoginWitInvalidPassword status=SUCCESS method=LoginPageTest.verifyUserIsNotAbleToLoginWitInvalidPassword(java.lang.String, java.lang.String)[pri:2, instance:com.obsquara.scripts.LoginPageTest@5562c41e] output={null}]]]>
              </value>
            </param>
          </params>
          <reporter-output>
          </reporter-output>
        </test-method> <!-- closeBrowser -->
        <test-method is-config="true" signature="launchbrowser(java.lang.String)[pri:0, instance:com.obsquara.scripts.LoginPageTest@5562c41e]" started-at="2023-04-09T14:55:04 CST" name="launchbrowser" finished-at="2023-04-09T14:55:13 CST" duration-ms="9338" status="PASS">
          <params>
            <param index="0">
              <value>
                <![CDATA[Chrome]]>
              </value>
            </param>
          </params>
          <reporter-output>
          </reporter-output>
        </test-method> <!-- launchbrowser -->
        <test-method signature="verifyUserIsNotAbleToLoginWitInvalidUsername(java.lang.String, java.lang.String)[pri:3, instance:com.obsquara.scripts.LoginPageTest@5562c41e]" started-at="2023-04-09T14:55:13 CST" name="verifyUserIsNotAbleToLoginWitInvalidUsername" data-provider="Credentials3" finished-at="2023-04-09T14:55:15 CST" duration-ms="1736" status="PASS">
          <params>
            <param index="0">
              <value>
                <![CDATA[and]]>
              </value>
            </param>
            <param index="1">
              <value>
                <![CDATA[123456]]>
              </value>
            </param>
          </params>
          <reporter-output>
          </reporter-output>
        </test-method> <!-- verifyUserIsNotAbleToLoginWitInvalidUsername -->
        <test-method is-config="true" signature="closeBrowser(org.testng.ITestResult)[pri:0, instance:com.obsquara.scripts.LoginPageTest@5562c41e]" started-at="2023-04-09T14:55:15 CST" name="closeBrowser" finished-at="2023-04-09T14:55:19 CST" duration-ms="4065" status="PASS">
          <params>
            <param index="0">
              <value>
                <![CDATA[[TestResult name=verifyUserIsNotAbleToLoginWitInvalidUsername status=SUCCESS method=LoginPageTest.verifyUserIsNotAbleToLoginWitInvalidUsername(java.lang.String, java.lang.String)[pri:3, instance:com.obsquara.scripts.LoginPageTest@5562c41e] output={null}]]]>
              </value>
            </param>
          </params>
          <reporter-output>
          </reporter-output>
        </test-method> <!-- closeBrowser -->
        <test-method is-config="true" signature="launchbrowser(java.lang.String)[pri:0, instance:com.obsquara.scripts.LoginPageTest@5562c41e]" started-at="2023-04-09T14:55:19 CST" name="launchbrowser" finished-at="2023-04-09T14:55:28 CST" duration-ms="9136" status="PASS">
          <params>
            <param index="0">
              <value>
                <![CDATA[Chrome]]>
              </value>
            </param>
          </params>
          <reporter-output>
          </reporter-output>
        </test-method> <!-- launchbrowser -->
        <test-method signature="verifyUserisAbleToLoginWitvalidloginfunction(java.lang.String, java.lang.String)[pri:4, instance:com.obsquara.scripts.LoginPageTest@5562c41e]" started-at="2023-04-09T14:55:28 CST" name="verifyUserisAbleToLoginWitvalidloginfunction" data-provider="ValidCredentials" finished-at="2023-04-09T14:55:33 CST" duration-ms="4921" status="PASS">
          <params>
            <param index="0">
              <value>
                <![CDATA[admin]]>
              </value>
            </param>
            <param index="1">
              <value>
                <![CDATA[123456]]>
              </value>
            </param>
          </params>
          <reporter-output>
          </reporter-output>
        </test-method> <!-- verifyUserisAbleToLoginWitvalidloginfunction -->
        <test-method is-config="true" signature="closeBrowser(org.testng.ITestResult)[pri:0, instance:com.obsquara.scripts.LoginPageTest@5562c41e]" started-at="2023-04-09T14:55:33 CST" name="closeBrowser" finished-at="2023-04-09T14:55:33 CST" duration-ms="467" status="PASS">
          <params>
            <param index="0">
              <value>
                <![CDATA[[TestResult name=verifyUserisAbleToLoginWitvalidloginfunction status=SUCCESS method=LoginPageTest.verifyUserisAbleToLoginWitvalidloginfunction(java.lang.String, java.lang.String)[pri:4, instance:com.obsquara.scripts.LoginPageTest@5562c41e] output={null}]]]>
              </value>
            </param>
          </params>
          <reporter-output>
          </reporter-output>
        </test-method> <!-- closeBrowser -->
        <test-method is-config="true" signature="launchbrowser(java.lang.String)[pri:0, instance:com.obsquara.scripts.LoginPageTest@5562c41e]" started-at="2023-04-09T14:55:33 CST" name="launchbrowser" finished-at="2023-04-09T14:55:43 CST" duration-ms="9960" status="PASS">
          <params>
            <param index="0">
              <value>
                <![CDATA[Chrome]]>
              </value>
            </param>
          </params>
          <reporter-output>
          </reporter-output>
        </test-method> <!-- launchbrowser -->
        <test-method signature="checkSignOut()[pri:5, instance:com.obsquara.scripts.LoginPageTest@5562c41e]" started-at="2023-04-09T14:55:43 CST" name="checkSignOut" finished-at="2023-04-09T14:55:50 CST" duration-ms="6114" status="PASS">
          <reporter-output>
          </reporter-output>
        </test-method> <!-- checkSignOut -->
        <test-method is-config="true" signature="closeBrowser(org.testng.ITestResult)[pri:0, instance:com.obsquara.scripts.LoginPageTest@5562c41e]" started-at="2023-04-09T14:55:50 CST" name="closeBrowser" finished-at="2023-04-09T14:55:50 CST" duration-ms="71" status="PASS">
          <params>
            <param index="0">
              <value>
                <![CDATA[[TestResult name=checkSignOut status=SUCCESS method=LoginPageTest.checkSignOut()[pri:5, instance:com.obsquara.scripts.LoginPageTest@5562c41e] output={null}]]]>
              </value>
            </param>
          </params>
          <reporter-output>
          </reporter-output>
        </test-method> <!-- closeBrowser -->
      </class> <!-- com.obsquara.scripts.LoginPageTest -->
      <class name="com.obsquara.scripts.Unitspagetest">
        <test-method is-config="true" signature="launchbrowser(java.lang.String)[pri:0, instance:com.obsquara.scripts.Unitspagetest@32ee6fee]" started-at="2023-04-09T14:55:50 CST" name="launchbrowser" finished-at="2023-04-09T14:56:00 CST" duration-ms="10127" status="PASS">
          <params>
            <param index="0">
              <value>
                <![CDATA[Chrome]]>
              </value>
            </param>
          </params>
          <reporter-output>
          </reporter-output>
        </test-method> <!-- launchbrowser -->
        <test-method signature="verifyUsesrCanAddNewUnit()[pri:0, instance:com.obsquara.scripts.Unitspagetest@32ee6fee]" started-at="2023-04-09T14:56:00 CST" name="verifyUsesrCanAddNewUnit" finished-at="2023-04-09T14:56:10 CST" duration-ms="10159" status="PASS">
          <reporter-output>
          </reporter-output>
        </test-method> <!-- verifyUsesrCanAddNewUnit -->
        <test-method is-config="true" signature="closeBrowser(org.testng.ITestResult)[pri:0, instance:com.obsquara.scripts.Unitspagetest@32ee6fee]" started-at="2023-04-09T14:56:10 CST" name="closeBrowser" finished-at="2023-04-09T14:56:10 CST" duration-ms="111" status="PASS">
          <params>
            <param index="0">
              <value>
                <![CDATA[[TestResult name=verifyUsesrCanAddNewUnit status=SUCCESS method=Unitspagetest.verifyUsesrCanAddNewUnit()[pri:0, instance:com.obsquara.scripts.Unitspagetest@32ee6fee] output={null}]]]>
              </value>
            </param>
          </params>
          <reporter-output>
          </reporter-output>
        </test-method> <!-- closeBrowser -->
      </class> <!-- com.obsquara.scripts.Unitspagetest -->
      <class name="com.obsquara.scripts.RolesPageTest">
        <test-method is-config="true" signature="launchbrowser(java.lang.String)[pri:0, instance:com.obsquara.scripts.RolesPageTest@5fbdfdcf]" started-at="2023-04-09T14:46:31 CST" name="launchbrowser" finished-at="2023-04-09T14:46:42 CST" duration-ms="11309" status="PASS">
          <params>
            <param index="0">
              <value>
                <![CDATA[Chrome]]>
              </value>
            </param>
          </params>
          <reporter-output>
          </reporter-output>
        </test-method> <!-- launchbrowser -->
        <test-method signature="verifyTheUserCanAddNewRole()[pri:1, instance:com.obsquara.scripts.RolesPageTest@5fbdfdcf]" started-at="2023-04-09T14:46:42 CST" name="verifyTheUserCanAddNewRole" finished-at="2023-04-09T14:46:56 CST" duration-ms="13771" status="PASS">
          <reporter-output>
          </reporter-output>
        </test-method> <!-- verifyTheUserCanAddNewRole -->
        <test-method is-config="true" signature="closeBrowser(org.testng.ITestResult)[pri:0, instance:com.obsquara.scripts.RolesPageTest@5fbdfdcf]" started-at="2023-04-09T14:46:56 CST" name="closeBrowser" finished-at="2023-04-09T14:46:56 CST" duration-ms="139" status="PASS">
          <params>
            <param index="0">
              <value>
                <![CDATA[[TestResult name=verifyTheUserCanAddNewRole status=SUCCESS method=RolesPageTest.verifyTheUserCanAddNewRole()[pri:1, instance:com.obsquara.scripts.RolesPageTest@5fbdfdcf] output={null}]]]>
              </value>
            </param>
          </params>
          <reporter-output>
          </reporter-output>
        </test-method> <!-- closeBrowser -->
        <test-method is-config="true" signature="launchbrowser(java.lang.String)[pri:0, instance:com.obsquara.scripts.RolesPageTest@5fbdfdcf]" started-at="2023-04-09T14:46:56 CST" name="launchbrowser" finished-at="2023-04-09T14:47:07 CST" duration-ms="10740" status="PASS">
          <params>
            <param index="0">
              <value>
                <![CDATA[Chrome]]>
              </value>
            </param>
          </params>
          <reporter-output>
          </reporter-output>
        </test-method> <!-- launchbrowser -->
        <test-method signature="verifyTheUserCanDeleteRole()[pri:2, instance:com.obsquara.scripts.RolesPageTest@5fbdfdcf]" started-at="2023-04-09T14:47:07 CST" name="verifyTheUserCanDeleteRole" finished-at="2023-04-09T14:47:16 CST" duration-ms="9461" status="PASS">
          <reporter-output>
          </reporter-output>
        </test-method> <!-- verifyTheUserCanDeleteRole -->
        <test-method is-config="true" signature="closeBrowser(org.testng.ITestResult)[pri:0, instance:com.obsquara.scripts.RolesPageTest@5fbdfdcf]" started-at="2023-04-09T14:47:16 CST" name="closeBrowser" finished-at="2023-04-09T14:47:16 CST" duration-ms="113" status="PASS">
          <params>
            <param index="0">
              <value>
                <![CDATA[[TestResult name=verifyTheUserCanDeleteRole status=SUCCESS method=RolesPageTest.verifyTheUserCanDeleteRole()[pri:2, instance:com.obsquara.scripts.RolesPageTest@5fbdfdcf] output={null}]]]>
              </value>
            </param>
          </params>
          <reporter-output>
          </reporter-output>
        </test-method> <!-- closeBrowser -->
      </class> <!-- com.obsquara.scripts.RolesPageTest -->
      <class name="com.obsquara.scripts.Expensepagetest">
        <test-method is-config="true" signature="launchbrowser(java.lang.String)[pri:0, instance:com.obsquara.scripts.Expensepagetest@4d465b11]" started-at="2023-04-09T14:53:33 CST" name="launchbrowser" finished-at="2023-04-09T14:53:43 CST" duration-ms="10152" status="PASS">
          <params>
            <param index="0">
              <value>
                <![CDATA[Chrome]]>
              </value>
            </param>
          </params>
          <reporter-output>
          </reporter-output>
        </test-method> <!-- launchbrowser -->
        <test-method signature="verifyUserCanAddNewExpense()[pri:1, instance:com.obsquara.scripts.Expensepagetest@4d465b11]" started-at="2023-04-09T14:53:43 CST" name="verifyUserCanAddNewExpense" finished-at="2023-04-09T14:53:55 CST" duration-ms="11565" status="PASS">
          <reporter-output>
          </reporter-output>
        </test-method> <!-- verifyUserCanAddNewExpense -->
        <test-method is-config="true" signature="closeBrowser(org.testng.ITestResult)[pri:0, instance:com.obsquara.scripts.Expensepagetest@4d465b11]" started-at="2023-04-09T14:53:55 CST" name="closeBrowser" finished-at="2023-04-09T14:53:55 CST" duration-ms="80" status="PASS">
          <params>
            <param index="0">
              <value>
                <![CDATA[[TestResult name=verifyUserCanAddNewExpense status=SUCCESS method=Expensepagetest.verifyUserCanAddNewExpense()[pri:1, instance:com.obsquara.scripts.Expensepagetest@4d465b11] output={null}]]]>
              </value>
            </param>
          </params>
          <reporter-output>
          </reporter-output>
        </test-method> <!-- closeBrowser -->
        <test-method is-config="true" signature="launchbrowser(java.lang.String)[pri:0, instance:com.obsquara.scripts.Expensepagetest@4d465b11]" started-at="2023-04-09T14:53:55 CST" name="launchbrowser" finished-at="2023-04-09T14:54:04 CST" duration-ms="8861" status="PASS">
          <params>
            <param index="0">
              <value>
                <![CDATA[Chrome]]>
              </value>
            </param>
          </params>
          <reporter-output>
          </reporter-output>
        </test-method> <!-- launchbrowser -->
        <test-method signature="verifyUserCanAddExpenseCategory()[pri:2, instance:com.obsquara.scripts.Expensepagetest@4d465b11]" started-at="2023-04-09T14:54:04 CST" name="verifyUserCanAddExpenseCategory" finished-at="2023-04-09T14:54:12 CST" duration-ms="8454" status="PASS">
          <reporter-output>
          </reporter-output>
        </test-method> <!-- verifyUserCanAddExpenseCategory -->
        <test-method is-config="true" signature="closeBrowser(org.testng.ITestResult)[pri:0, instance:com.obsquara.scripts.Expensepagetest@4d465b11]" started-at="2023-04-09T14:54:12 CST" name="closeBrowser" finished-at="2023-04-09T14:54:12 CST" duration-ms="86" status="PASS">
          <params>
            <param index="0">
              <value>
                <![CDATA[[TestResult name=verifyUserCanAddExpenseCategory status=SUCCESS method=Expensepagetest.verifyUserCanAddExpenseCategory()[pri:2, instance:com.obsquara.scripts.Expensepagetest@4d465b11] output={null}]]]>
              </value>
            </param>
          </params>
          <reporter-output>
          </reporter-output>
        </test-method> <!-- closeBrowser -->
      </class> <!-- com.obsquara.scripts.Expensepagetest -->
      <class name="com.obsquara.scripts.Userpagetest">
        <test-method is-config="true" signature="launchbrowser(java.lang.String)[pri:0, instance:com.obsquara.scripts.Userpagetest@25084a1e]" started-at="2023-04-09T14:48:24 CST" name="launchbrowser" finished-at="2023-04-09T14:48:34 CST" duration-ms="10358" status="PASS">
          <params>
            <param index="0">
              <value>
                <![CDATA[Chrome]]>
              </value>
            </param>
          </params>
          <reporter-output>
          </reporter-output>
        </test-method> <!-- launchbrowser -->
        <test-method signature="verifyWhetherNewUserCanSuccessfullyAdded(java.lang.String, java.lang.String, java.lang.String, java.lang.String, java.lang.String, java.lang.String)[pri:1, instance:com.obsquara.scripts.Userpagetest@25084a1e]" started-at="2023-04-09T14:48:34 CST" name="verifyWhetherNewUserCanSuccessfullyAdded" data-provider="Newuserdata" finished-at="2023-04-09T14:48:51 CST" duration-ms="16560" status="PASS">
          <params>
            <param index="0">
              <value>
                <![CDATA[p]]>
              </value>
            </param>
            <param index="1">
              <value>
                <![CDATA[ACHU]]>
              </value>
            </param>
            <param index="2">
              <value>
                <![CDATA[mon]]>
              </value>
            </param>
            <param index="3">
              <value>
                <![CDATA[achumon@gmail.com]]>
              </value>
            </param>
            <param index="4">
              <value>
                <![CDATA[annu@20020]]>
              </value>
            </param>
            <param index="5">
              <value>
                <![CDATA[annu@20020]]>
              </value>
            </param>
          </params>
          <reporter-output>
          </reporter-output>
        </test-method> <!-- verifyWhetherNewUserCanSuccessfullyAdded -->
        <test-method is-config="true" signature="closeBrowser(org.testng.ITestResult)[pri:0, instance:com.obsquara.scripts.Userpagetest@25084a1e]" started-at="2023-04-09T14:48:51 CST" name="closeBrowser" finished-at="2023-04-09T14:48:55 CST" duration-ms="4075" status="PASS">
          <params>
            <param index="0">
              <value>
                <![CDATA[[TestResult name=verifyWhetherNewUserCanSuccessfullyAdded status=SUCCESS method=Userpagetest.verifyWhetherNewUserCanSuccessfullyAdded(java.lang.String, java.lang.String, java.lang.String, java.lang.String, java.lang.String, java.lang.String)[pri:1, instance:com.obsquara.scripts.Userpagetest@25084a1e] output={null}]]]>
              </value>
            </param>
          </params>
          <reporter-output>
          </reporter-output>
        </test-method> <!-- closeBrowser -->
        <test-method is-config="true" signature="launchbrowser(java.lang.String)[pri:0, instance:com.obsquara.scripts.Userpagetest@25084a1e]" started-at="2023-04-09T14:48:55 CST" name="launchbrowser" finished-at="2023-04-09T14:49:04 CST" duration-ms="9016" status="PASS">
          <params>
            <param index="0">
              <value>
                <![CDATA[Chrome]]>
              </value>
            </param>
          </params>
          <reporter-output>
          </reporter-output>
        </test-method> <!-- launchbrowser -->
        <test-method signature="verifyWhetehraUserCanviewalreadyRegisterdUserDetails()[pri:2, instance:com.obsquara.scripts.Userpagetest@25084a1e]" started-at="2023-04-09T14:49:04 CST" name="verifyWhetehraUserCanviewalreadyRegisterdUserDetails" finished-at="2023-04-09T14:49:13 CST" duration-ms="9586" status="PASS">
          <reporter-output>
          </reporter-output>
        </test-method> <!-- verifyWhetehraUserCanviewalreadyRegisterdUserDetails -->
        <test-method is-config="true" signature="closeBrowser(org.testng.ITestResult)[pri:0, instance:com.obsquara.scripts.Userpagetest@25084a1e]" started-at="2023-04-09T14:49:13 CST" name="closeBrowser" finished-at="2023-04-09T14:49:14 CST" duration-ms="89" status="PASS">
          <params>
            <param index="0">
              <value>
                <![CDATA[[TestResult name=verifyWhetehraUserCanviewalreadyRegisterdUserDetails status=SUCCESS method=Userpagetest.verifyWhetehraUserCanviewalreadyRegisterdUserDetails()[pri:2, instance:com.obsquara.scripts.Userpagetest@25084a1e] output={null}]]]>
              </value>
            </param>
          </params>
          <reporter-output>
          </reporter-output>
        </test-method> <!-- closeBrowser -->
        <test-method is-config="true" signature="launchbrowser(java.lang.String)[pri:0, instance:com.obsquara.scripts.Userpagetest@25084a1e]" started-at="2023-04-09T14:49:14 CST" name="launchbrowser" finished-at="2023-04-09T14:49:23 CST" duration-ms="9782" status="PASS">
          <params>
            <param index="0">
              <value>
                <![CDATA[Chrome]]>
              </value>
            </param>
          </params>
          <reporter-output>
          </reporter-output>
        </test-method> <!-- launchbrowser -->
        <test-method signature="verifyWhetehraUserCanSuccessfullyDelete()[pri:3, instance:com.obsquara.scripts.Userpagetest@25084a1e]" started-at="2023-04-09T14:49:23 CST" name="verifyWhetehraUserCanSuccessfullyDelete" finished-at="2023-04-09T14:49:34 CST" duration-ms="10283" status="PASS">
          <reporter-output>
          </reporter-output>
        </test-method> <!-- verifyWhetehraUserCanSuccessfullyDelete -->
        <test-method is-config="true" signature="closeBrowser(org.testng.ITestResult)[pri:0, instance:com.obsquara.scripts.Userpagetest@25084a1e]" started-at="2023-04-09T14:49:34 CST" name="closeBrowser" finished-at="2023-04-09T14:49:34 CST" duration-ms="283" status="PASS">
          <params>
            <param index="0">
              <value>
                <![CDATA[[TestResult name=verifyWhetehraUserCanSuccessfullyDelete status=SUCCESS method=Userpagetest.verifyWhetehraUserCanSuccessfullyDelete()[pri:3, instance:com.obsquara.scripts.Userpagetest@25084a1e] output={null}]]]>
              </value>
            </param>
          </params>
          <reporter-output>
          </reporter-output>
        </test-method> <!-- closeBrowser -->
      </class> <!-- com.obsquara.scripts.Userpagetest -->
      <class name="com.obsquara.scripts.BarCodePageTest">
        <test-method is-config="true" signature="launchbrowser(java.lang.String)[pri:0, instance:com.obsquara.scripts.BarCodePageTest@383bfa16]" started-at="2023-04-09T14:52:46 CST" name="launchbrowser" finished-at="2023-04-09T14:52:56 CST" duration-ms="9985" status="PASS">
          <params>
            <param index="0">
              <value>
                <![CDATA[Chrome]]>
              </value>
            </param>
          </params>
          <reporter-output>
          </reporter-output>
        </test-method> <!-- launchbrowser -->
        <test-method signature="verifyUserCanAddNewBarCodeToProducts()[pri:1, instance:com.obsquara.scripts.BarCodePageTest@383bfa16]" started-at="2023-04-09T14:52:56 CST" name="verifyUserCanAddNewBarCodeToProducts" finished-at="2023-04-09T14:53:14 CST" duration-ms="18003" status="PASS">
          <reporter-output>
          </reporter-output>
        </test-method> <!-- verifyUserCanAddNewBarCodeToProducts -->
        <test-method is-config="true" signature="closeBrowser(org.testng.ITestResult)[pri:0, instance:com.obsquara.scripts.BarCodePageTest@383bfa16]" started-at="2023-04-09T14:53:14 CST" name="closeBrowser" finished-at="2023-04-09T14:53:14 CST" duration-ms="201" status="PASS">
          <params>
            <param index="0">
              <value>
                <![CDATA[[TestResult name=verifyUserCanAddNewBarCodeToProducts status=SUCCESS method=BarCodePageTest.verifyUserCanAddNewBarCodeToProducts()[pri:1, instance:com.obsquara.scripts.BarCodePageTest@383bfa16] output={null}]]]>
              </value>
            </param>
          </params>
          <reporter-output>
          </reporter-output>
        </test-method> <!-- closeBrowser -->
        <test-method is-config="true" signature="launchbrowser(java.lang.String)[pri:0, instance:com.obsquara.scripts.BarCodePageTest@383bfa16]" started-at="2023-04-09T14:53:14 CST" name="launchbrowser" finished-at="2023-04-09T14:53:24 CST" duration-ms="9591" status="PASS">
          <params>
            <param index="0">
              <value>
                <![CDATA[Chrome]]>
              </value>
            </param>
          </params>
          <reporter-output>
          </reporter-output>
        </test-method> <!-- launchbrowser -->
        <test-method signature="verifyUserCanDeleteBarCodeS()[pri:2, instance:com.obsquara.scripts.BarCodePageTest@383bfa16]" started-at="2023-04-09T14:53:24 CST" name="verifyUserCanDeleteBarCodeS" finished-at="2023-04-09T14:53:33 CST" duration-ms="8889" status="PASS">
          <reporter-output>
          </reporter-output>
        </test-method> <!-- verifyUserCanDeleteBarCodeS -->
        <test-method is-config="true" signature="closeBrowser(org.testng.ITestResult)[pri:0, instance:com.obsquara.scripts.BarCodePageTest@383bfa16]" started-at="2023-04-09T14:53:33 CST" name="closeBrowser" finished-at="2023-04-09T14:53:33 CST" duration-ms="166" status="PASS">
          <params>
            <param index="0">
              <value>
                <![CDATA[[TestResult name=verifyUserCanDeleteBarCodeS status=SUCCESS method=BarCodePageTest.verifyUserCanDeleteBarCodeS()[pri:2, instance:com.obsquara.scripts.BarCodePageTest@383bfa16] output={null}]]]>
              </value>
            </param>
          </params>
          <reporter-output>
          </reporter-output>
        </test-method> <!-- closeBrowser -->
      </class> <!-- com.obsquara.scripts.BarCodePageTest -->
    </test> <!-- Test -->
  </suite> <!-- Suite -->
</testng-results>
